# 1 "rb_tree_2.c"
# 1 "<built-in>"
# 1 "<command-line>"
# 31 "<command-line>"
# 1 "/usr/include/stdc-predef.h" 1 3 4
# 32 "<command-line>" 2
# 1 "rb_tree_2.c"
# 1 "/usr/include/stdio.h" 1 3 4
# 27 "/usr/include/stdio.h" 3 4
# 1 "/usr/include/x86_64-linux-gnu/bits/libc-header-start.h" 1 3 4
# 33 "/usr/include/x86_64-linux-gnu/bits/libc-header-start.h" 3 4
# 1 "/usr/include/features.h" 1 3 4
# 424 "/usr/include/features.h" 3 4
# 1 "/usr/include/x86_64-linux-gnu/sys/cdefs.h" 1 3 4
# 427 "/usr/include/x86_64-linux-gnu/sys/cdefs.h" 3 4
# 1 "/usr/include/x86_64-linux-gnu/bits/wordsize.h" 1 3 4
# 428 "/usr/include/x86_64-linux-gnu/sys/cdefs.h" 2 3 4
# 1 "/usr/include/x86_64-linux-gnu/bits/long-double.h" 1 3 4
# 429 "/usr/include/x86_64-linux-gnu/sys/cdefs.h" 2 3 4
# 425 "/usr/include/features.h" 2 3 4
# 448 "/usr/include/features.h" 3 4
# 1 "/usr/include/x86_64-linux-gnu/gnu/stubs.h" 1 3 4
# 10 "/usr/include/x86_64-linux-gnu/gnu/stubs.h" 3 4
# 1 "/usr/include/x86_64-linux-gnu/gnu/stubs-64.h" 1 3 4
# 11 "/usr/include/x86_64-linux-gnu/gnu/stubs.h" 2 3 4
# 449 "/usr/include/features.h" 2 3 4
# 34 "/usr/include/x86_64-linux-gnu/bits/libc-header-start.h" 2 3 4
# 28 "/usr/include/stdio.h" 2 3 4





# 1 "/usr/lib/gcc/x86_64-linux-gnu/7/include/stddef.h" 1 3 4
# 216 "/usr/lib/gcc/x86_64-linux-gnu/7/include/stddef.h" 3 4

# 216 "/usr/lib/gcc/x86_64-linux-gnu/7/include/stddef.h" 3 4
typedef long unsigned int size_t;
# 34 "/usr/include/stdio.h" 2 3 4

# 1 "/usr/include/x86_64-linux-gnu/bits/types.h" 1 3 4
# 27 "/usr/include/x86_64-linux-gnu/bits/types.h" 3 4
# 1 "/usr/include/x86_64-linux-gnu/bits/wordsize.h" 1 3 4
# 28 "/usr/include/x86_64-linux-gnu/bits/types.h" 2 3 4


typedef unsigned char __u_char;
typedef unsigned short int __u_short;
typedef unsigned int __u_int;
typedef unsigned long int __u_long;


typedef signed char __int8_t;
typedef unsigned char __uint8_t;
typedef signed short int __int16_t;
typedef unsigned short int __uint16_t;
typedef signed int __int32_t;
typedef unsigned int __uint32_t;

typedef signed long int __int64_t;
typedef unsigned long int __uint64_t;







typedef long int __quad_t;
typedef unsigned long int __u_quad_t;







typedef long int __intmax_t;
typedef unsigned long int __uintmax_t;
# 130 "/usr/include/x86_64-linux-gnu/bits/types.h" 3 4
# 1 "/usr/include/x86_64-linux-gnu/bits/typesizes.h" 1 3 4
# 131 "/usr/include/x86_64-linux-gnu/bits/types.h" 2 3 4


typedef unsigned long int __dev_t;
typedef unsigned int __uid_t;
typedef unsigned int __gid_t;
typedef unsigned long int __ino_t;
typedef unsigned long int __ino64_t;
typedef unsigned int __mode_t;
typedef unsigned long int __nlink_t;
typedef long int __off_t;
typedef long int __off64_t;
typedef int __pid_t;
typedef struct { int __val[2]; } __fsid_t;
typedef long int __clock_t;
typedef unsigned long int __rlim_t;
typedef unsigned long int __rlim64_t;
typedef unsigned int __id_t;
typedef long int __time_t;
typedef unsigned int __useconds_t;
typedef long int __suseconds_t;

typedef int __daddr_t;
typedef int __key_t;


typedef int __clockid_t;


typedef void * __timer_t;


typedef long int __blksize_t;




typedef long int __blkcnt_t;
typedef long int __blkcnt64_t;


typedef unsigned long int __fsblkcnt_t;
typedef unsigned long int __fsblkcnt64_t;


typedef unsigned long int __fsfilcnt_t;
typedef unsigned long int __fsfilcnt64_t;


typedef long int __fsword_t;

typedef long int __ssize_t;


typedef long int __syscall_slong_t;

typedef unsigned long int __syscall_ulong_t;



typedef __off64_t __loff_t;
typedef char *__caddr_t;


typedef long int __intptr_t;


typedef unsigned int __socklen_t;




typedef int __sig_atomic_t;
# 36 "/usr/include/stdio.h" 2 3 4
# 1 "/usr/include/x86_64-linux-gnu/bits/types/__FILE.h" 1 3 4



struct _IO_FILE;
typedef struct _IO_FILE __FILE;
# 37 "/usr/include/stdio.h" 2 3 4
# 1 "/usr/include/x86_64-linux-gnu/bits/types/FILE.h" 1 3 4



struct _IO_FILE;


typedef struct _IO_FILE FILE;
# 38 "/usr/include/stdio.h" 2 3 4



# 1 "/usr/include/x86_64-linux-gnu/bits/libio.h" 1 3 4
# 35 "/usr/include/x86_64-linux-gnu/bits/libio.h" 3 4
# 1 "/usr/include/x86_64-linux-gnu/bits/_G_config.h" 1 3 4
# 19 "/usr/include/x86_64-linux-gnu/bits/_G_config.h" 3 4
# 1 "/usr/lib/gcc/x86_64-linux-gnu/7/include/stddef.h" 1 3 4
# 20 "/usr/include/x86_64-linux-gnu/bits/_G_config.h" 2 3 4

# 1 "/usr/include/x86_64-linux-gnu/bits/types/__mbstate_t.h" 1 3 4
# 13 "/usr/include/x86_64-linux-gnu/bits/types/__mbstate_t.h" 3 4
typedef struct
{
  int __count;
  union
  {
    unsigned int __wch;
    char __wchb[4];
  } __value;
} __mbstate_t;
# 22 "/usr/include/x86_64-linux-gnu/bits/_G_config.h" 2 3 4




typedef struct
{
  __off_t __pos;
  __mbstate_t __state;
} _G_fpos_t;
typedef struct
{
  __off64_t __pos;
  __mbstate_t __state;
} _G_fpos64_t;
# 36 "/usr/include/x86_64-linux-gnu/bits/libio.h" 2 3 4
# 53 "/usr/include/x86_64-linux-gnu/bits/libio.h" 3 4
# 1 "/usr/lib/gcc/x86_64-linux-gnu/7/include/stdarg.h" 1 3 4
# 40 "/usr/lib/gcc/x86_64-linux-gnu/7/include/stdarg.h" 3 4
typedef __builtin_va_list __gnuc_va_list;
# 54 "/usr/include/x86_64-linux-gnu/bits/libio.h" 2 3 4
# 149 "/usr/include/x86_64-linux-gnu/bits/libio.h" 3 4
struct _IO_jump_t; struct _IO_FILE;




typedef void _IO_lock_t;





struct _IO_marker {
  struct _IO_marker *_next;
  struct _IO_FILE *_sbuf;



  int _pos;
# 177 "/usr/include/x86_64-linux-gnu/bits/libio.h" 3 4
};


enum __codecvt_result
{
  __codecvt_ok,
  __codecvt_partial,
  __codecvt_error,
  __codecvt_noconv
};
# 245 "/usr/include/x86_64-linux-gnu/bits/libio.h" 3 4
struct _IO_FILE {
  int _flags;




  char* _IO_read_ptr;
  char* _IO_read_end;
  char* _IO_read_base;
  char* _IO_write_base;
  char* _IO_write_ptr;
  char* _IO_write_end;
  char* _IO_buf_base;
  char* _IO_buf_end;

  char *_IO_save_base;
  char *_IO_backup_base;
  char *_IO_save_end;

  struct _IO_marker *_markers;

  struct _IO_FILE *_chain;

  int _fileno;



  int _flags2;

  __off_t _old_offset;



  unsigned short _cur_column;
  signed char _vtable_offset;
  char _shortbuf[1];



  _IO_lock_t *_lock;
# 293 "/usr/include/x86_64-linux-gnu/bits/libio.h" 3 4
  __off64_t _offset;







  void *__pad1;
  void *__pad2;
  void *__pad3;
  void *__pad4;

  size_t __pad5;
  int _mode;

  char _unused2[15 * sizeof (int) - 4 * sizeof (void *) - sizeof (size_t)];

};


typedef struct _IO_FILE _IO_FILE;


struct _IO_FILE_plus;

extern struct _IO_FILE_plus _IO_2_1_stdin_;
extern struct _IO_FILE_plus _IO_2_1_stdout_;
extern struct _IO_FILE_plus _IO_2_1_stderr_;
# 337 "/usr/include/x86_64-linux-gnu/bits/libio.h" 3 4
typedef __ssize_t __io_read_fn (void *__cookie, char *__buf, size_t __nbytes);







typedef __ssize_t __io_write_fn (void *__cookie, const char *__buf,
     size_t __n);







typedef int __io_seek_fn (void *__cookie, __off64_t *__pos, int __w);


typedef int __io_close_fn (void *__cookie);
# 389 "/usr/include/x86_64-linux-gnu/bits/libio.h" 3 4
extern int __underflow (_IO_FILE *);
extern int __uflow (_IO_FILE *);
extern int __overflow (_IO_FILE *, int);
# 433 "/usr/include/x86_64-linux-gnu/bits/libio.h" 3 4
extern int _IO_getc (_IO_FILE *__fp);
extern int _IO_putc (int __c, _IO_FILE *__fp);
extern int _IO_feof (_IO_FILE *__fp) __attribute__ ((__nothrow__ , __leaf__));
extern int _IO_ferror (_IO_FILE *__fp) __attribute__ ((__nothrow__ , __leaf__));

extern int _IO_peekc_locked (_IO_FILE *__fp);





extern void _IO_flockfile (_IO_FILE *) __attribute__ ((__nothrow__ , __leaf__));
extern void _IO_funlockfile (_IO_FILE *) __attribute__ ((__nothrow__ , __leaf__));
extern int _IO_ftrylockfile (_IO_FILE *) __attribute__ ((__nothrow__ , __leaf__));
# 462 "/usr/include/x86_64-linux-gnu/bits/libio.h" 3 4
extern int _IO_vfscanf (_IO_FILE * __restrict, const char * __restrict,
   __gnuc_va_list, int *__restrict);
extern int _IO_vfprintf (_IO_FILE *__restrict, const char *__restrict,
    __gnuc_va_list);
extern __ssize_t _IO_padn (_IO_FILE *, int, __ssize_t);
extern size_t _IO_sgetn (_IO_FILE *, void *, size_t);

extern __off64_t _IO_seekoff (_IO_FILE *, __off64_t, int, int);
extern __off64_t _IO_seekpos (_IO_FILE *, __off64_t, int);

extern void _IO_free_backup_area (_IO_FILE *) __attribute__ ((__nothrow__ , __leaf__));
# 42 "/usr/include/stdio.h" 2 3 4




typedef __gnuc_va_list va_list;
# 57 "/usr/include/stdio.h" 3 4
typedef __off_t off_t;
# 71 "/usr/include/stdio.h" 3 4
typedef __ssize_t ssize_t;






typedef _G_fpos_t fpos_t;
# 131 "/usr/include/stdio.h" 3 4
# 1 "/usr/include/x86_64-linux-gnu/bits/stdio_lim.h" 1 3 4
# 132 "/usr/include/stdio.h" 2 3 4



extern struct _IO_FILE *stdin;
extern struct _IO_FILE *stdout;
extern struct _IO_FILE *stderr;






extern int remove (const char *__filename) __attribute__ ((__nothrow__ , __leaf__));

extern int rename (const char *__old, const char *__new) __attribute__ ((__nothrow__ , __leaf__));



extern int renameat (int __oldfd, const char *__old, int __newfd,
       const char *__new) __attribute__ ((__nothrow__ , __leaf__));







extern FILE *tmpfile (void) ;
# 173 "/usr/include/stdio.h" 3 4
extern char *tmpnam (char *__s) __attribute__ ((__nothrow__ , __leaf__)) ;




extern char *tmpnam_r (char *__s) __attribute__ ((__nothrow__ , __leaf__)) ;
# 190 "/usr/include/stdio.h" 3 4
extern char *tempnam (const char *__dir, const char *__pfx)
     __attribute__ ((__nothrow__ , __leaf__)) __attribute__ ((__malloc__)) ;







extern int fclose (FILE *__stream);




extern int fflush (FILE *__stream);
# 213 "/usr/include/stdio.h" 3 4
extern int fflush_unlocked (FILE *__stream);
# 232 "/usr/include/stdio.h" 3 4
extern FILE *fopen (const char *__restrict __filename,
      const char *__restrict __modes) ;




extern FILE *freopen (const char *__restrict __filename,
        const char *__restrict __modes,
        FILE *__restrict __stream) ;
# 265 "/usr/include/stdio.h" 3 4
extern FILE *fdopen (int __fd, const char *__modes) __attribute__ ((__nothrow__ , __leaf__)) ;
# 278 "/usr/include/stdio.h" 3 4
extern FILE *fmemopen (void *__s, size_t __len, const char *__modes)
  __attribute__ ((__nothrow__ , __leaf__)) ;




extern FILE *open_memstream (char **__bufloc, size_t *__sizeloc) __attribute__ ((__nothrow__ , __leaf__)) ;





extern void setbuf (FILE *__restrict __stream, char *__restrict __buf) __attribute__ ((__nothrow__ , __leaf__));



extern int setvbuf (FILE *__restrict __stream, char *__restrict __buf,
      int __modes, size_t __n) __attribute__ ((__nothrow__ , __leaf__));




extern void setbuffer (FILE *__restrict __stream, char *__restrict __buf,
         size_t __size) __attribute__ ((__nothrow__ , __leaf__));


extern void setlinebuf (FILE *__stream) __attribute__ ((__nothrow__ , __leaf__));







extern int fprintf (FILE *__restrict __stream,
      const char *__restrict __format, ...);




extern int printf (const char *__restrict __format, ...);

extern int sprintf (char *__restrict __s,
      const char *__restrict __format, ...) __attribute__ ((__nothrow__));





extern int vfprintf (FILE *__restrict __s, const char *__restrict __format,
       __gnuc_va_list __arg);




extern int vprintf (const char *__restrict __format, __gnuc_va_list __arg);

extern int vsprintf (char *__restrict __s, const char *__restrict __format,
       __gnuc_va_list __arg) __attribute__ ((__nothrow__));



extern int snprintf (char *__restrict __s, size_t __maxlen,
       const char *__restrict __format, ...)
     __attribute__ ((__nothrow__)) __attribute__ ((__format__ (__printf__, 3, 4)));

extern int vsnprintf (char *__restrict __s, size_t __maxlen,
        const char *__restrict __format, __gnuc_va_list __arg)
     __attribute__ ((__nothrow__)) __attribute__ ((__format__ (__printf__, 3, 0)));
# 365 "/usr/include/stdio.h" 3 4
extern int vdprintf (int __fd, const char *__restrict __fmt,
       __gnuc_va_list __arg)
     __attribute__ ((__format__ (__printf__, 2, 0)));
extern int dprintf (int __fd, const char *__restrict __fmt, ...)
     __attribute__ ((__format__ (__printf__, 2, 3)));







extern int fscanf (FILE *__restrict __stream,
     const char *__restrict __format, ...) ;




extern int scanf (const char *__restrict __format, ...) ;

extern int sscanf (const char *__restrict __s,
     const char *__restrict __format, ...) __attribute__ ((__nothrow__ , __leaf__));
# 395 "/usr/include/stdio.h" 3 4
extern int fscanf (FILE *__restrict __stream, const char *__restrict __format, ...) __asm__ ("" "__isoc99_fscanf")

                               ;
extern int scanf (const char *__restrict __format, ...) __asm__ ("" "__isoc99_scanf")
                              ;
extern int sscanf (const char *__restrict __s, const char *__restrict __format, ...) __asm__ ("" "__isoc99_sscanf") __attribute__ ((__nothrow__ , __leaf__))

                      ;
# 420 "/usr/include/stdio.h" 3 4
extern int vfscanf (FILE *__restrict __s, const char *__restrict __format,
      __gnuc_va_list __arg)
     __attribute__ ((__format__ (__scanf__, 2, 0))) ;





extern int vscanf (const char *__restrict __format, __gnuc_va_list __arg)
     __attribute__ ((__format__ (__scanf__, 1, 0))) ;


extern int vsscanf (const char *__restrict __s,
      const char *__restrict __format, __gnuc_va_list __arg)
     __attribute__ ((__nothrow__ , __leaf__)) __attribute__ ((__format__ (__scanf__, 2, 0)));
# 443 "/usr/include/stdio.h" 3 4
extern int vfscanf (FILE *__restrict __s, const char *__restrict __format, __gnuc_va_list __arg) __asm__ ("" "__isoc99_vfscanf")



     __attribute__ ((__format__ (__scanf__, 2, 0))) ;
extern int vscanf (const char *__restrict __format, __gnuc_va_list __arg) __asm__ ("" "__isoc99_vscanf")

     __attribute__ ((__format__ (__scanf__, 1, 0))) ;
extern int vsscanf (const char *__restrict __s, const char *__restrict __format, __gnuc_va_list __arg) __asm__ ("" "__isoc99_vsscanf") __attribute__ ((__nothrow__ , __leaf__))



     __attribute__ ((__format__ (__scanf__, 2, 0)));
# 477 "/usr/include/stdio.h" 3 4
extern int fgetc (FILE *__stream);
extern int getc (FILE *__stream);





extern int getchar (void);
# 495 "/usr/include/stdio.h" 3 4
extern int getc_unlocked (FILE *__stream);
extern int getchar_unlocked (void);
# 506 "/usr/include/stdio.h" 3 4
extern int fgetc_unlocked (FILE *__stream);
# 517 "/usr/include/stdio.h" 3 4
extern int fputc (int __c, FILE *__stream);
extern int putc (int __c, FILE *__stream);





extern int putchar (int __c);
# 537 "/usr/include/stdio.h" 3 4
extern int fputc_unlocked (int __c, FILE *__stream);







extern int putc_unlocked (int __c, FILE *__stream);
extern int putchar_unlocked (int __c);






extern int getw (FILE *__stream);


extern int putw (int __w, FILE *__stream);







extern char *fgets (char *__restrict __s, int __n, FILE *__restrict __stream)
     ;
# 603 "/usr/include/stdio.h" 3 4
extern __ssize_t __getdelim (char **__restrict __lineptr,
          size_t *__restrict __n, int __delimiter,
          FILE *__restrict __stream) ;
extern __ssize_t getdelim (char **__restrict __lineptr,
        size_t *__restrict __n, int __delimiter,
        FILE *__restrict __stream) ;







extern __ssize_t getline (char **__restrict __lineptr,
       size_t *__restrict __n,
       FILE *__restrict __stream) ;







extern int fputs (const char *__restrict __s, FILE *__restrict __stream);





extern int puts (const char *__s);






extern int ungetc (int __c, FILE *__stream);






extern size_t fread (void *__restrict __ptr, size_t __size,
       size_t __n, FILE *__restrict __stream) ;




extern size_t fwrite (const void *__restrict __ptr, size_t __size,
        size_t __n, FILE *__restrict __s);
# 673 "/usr/include/stdio.h" 3 4
extern size_t fread_unlocked (void *__restrict __ptr, size_t __size,
         size_t __n, FILE *__restrict __stream) ;
extern size_t fwrite_unlocked (const void *__restrict __ptr, size_t __size,
          size_t __n, FILE *__restrict __stream);







extern int fseek (FILE *__stream, long int __off, int __whence);




extern long int ftell (FILE *__stream) ;




extern void rewind (FILE *__stream);
# 707 "/usr/include/stdio.h" 3 4
extern int fseeko (FILE *__stream, __off_t __off, int __whence);




extern __off_t ftello (FILE *__stream) ;
# 731 "/usr/include/stdio.h" 3 4
extern int fgetpos (FILE *__restrict __stream, fpos_t *__restrict __pos);




extern int fsetpos (FILE *__stream, const fpos_t *__pos);
# 757 "/usr/include/stdio.h" 3 4
extern void clearerr (FILE *__stream) __attribute__ ((__nothrow__ , __leaf__));

extern int feof (FILE *__stream) __attribute__ ((__nothrow__ , __leaf__)) ;

extern int ferror (FILE *__stream) __attribute__ ((__nothrow__ , __leaf__)) ;



extern void clearerr_unlocked (FILE *__stream) __attribute__ ((__nothrow__ , __leaf__));
extern int feof_unlocked (FILE *__stream) __attribute__ ((__nothrow__ , __leaf__)) ;
extern int ferror_unlocked (FILE *__stream) __attribute__ ((__nothrow__ , __leaf__)) ;







extern void perror (const char *__s);





# 1 "/usr/include/x86_64-linux-gnu/bits/sys_errlist.h" 1 3 4
# 26 "/usr/include/x86_64-linux-gnu/bits/sys_errlist.h" 3 4
extern int sys_nerr;
extern const char *const sys_errlist[];
# 782 "/usr/include/stdio.h" 2 3 4




extern int fileno (FILE *__stream) __attribute__ ((__nothrow__ , __leaf__)) ;




extern int fileno_unlocked (FILE *__stream) __attribute__ ((__nothrow__ , __leaf__)) ;
# 800 "/usr/include/stdio.h" 3 4
extern FILE *popen (const char *__command, const char *__modes) ;





extern int pclose (FILE *__stream);





extern char *ctermid (char *__s) __attribute__ ((__nothrow__ , __leaf__));
# 840 "/usr/include/stdio.h" 3 4
extern void flockfile (FILE *__stream) __attribute__ ((__nothrow__ , __leaf__));



extern int ftrylockfile (FILE *__stream) __attribute__ ((__nothrow__ , __leaf__)) ;


extern void funlockfile (FILE *__stream) __attribute__ ((__nothrow__ , __leaf__));
# 868 "/usr/include/stdio.h" 3 4

# 2 "rb_tree_2.c" 2
# 1 "/usr/include/stdlib.h" 1 3 4
# 25 "/usr/include/stdlib.h" 3 4
# 1 "/usr/include/x86_64-linux-gnu/bits/libc-header-start.h" 1 3 4
# 26 "/usr/include/stdlib.h" 2 3 4





# 1 "/usr/lib/gcc/x86_64-linux-gnu/7/include/stddef.h" 1 3 4
# 328 "/usr/lib/gcc/x86_64-linux-gnu/7/include/stddef.h" 3 4
typedef int wchar_t;
# 32 "/usr/include/stdlib.h" 2 3 4







# 1 "/usr/include/x86_64-linux-gnu/bits/waitflags.h" 1 3 4
# 52 "/usr/include/x86_64-linux-gnu/bits/waitflags.h" 3 4
typedef enum
{
  P_ALL,
  P_PID,
  P_PGID
} idtype_t;
# 40 "/usr/include/stdlib.h" 2 3 4
# 1 "/usr/include/x86_64-linux-gnu/bits/waitstatus.h" 1 3 4
# 41 "/usr/include/stdlib.h" 2 3 4
# 55 "/usr/include/stdlib.h" 3 4
# 1 "/usr/include/x86_64-linux-gnu/bits/floatn.h" 1 3 4
# 120 "/usr/include/x86_64-linux-gnu/bits/floatn.h" 3 4
# 1 "/usr/include/x86_64-linux-gnu/bits/floatn-common.h" 1 3 4
# 24 "/usr/include/x86_64-linux-gnu/bits/floatn-common.h" 3 4
# 1 "/usr/include/x86_64-linux-gnu/bits/long-double.h" 1 3 4
# 25 "/usr/include/x86_64-linux-gnu/bits/floatn-common.h" 2 3 4
# 121 "/usr/include/x86_64-linux-gnu/bits/floatn.h" 2 3 4
# 56 "/usr/include/stdlib.h" 2 3 4


typedef struct
  {
    int quot;
    int rem;
  } div_t;



typedef struct
  {
    long int quot;
    long int rem;
  } ldiv_t;





__extension__ typedef struct
  {
    long long int quot;
    long long int rem;
  } lldiv_t;
# 97 "/usr/include/stdlib.h" 3 4
extern size_t __ctype_get_mb_cur_max (void) __attribute__ ((__nothrow__ , __leaf__)) ;



extern double atof (const char *__nptr)
     __attribute__ ((__nothrow__ , __leaf__)) __attribute__ ((__pure__)) __attribute__ ((__nonnull__ (1))) ;

extern int atoi (const char *__nptr)
     __attribute__ ((__nothrow__ , __leaf__)) __attribute__ ((__pure__)) __attribute__ ((__nonnull__ (1))) ;

extern long int atol (const char *__nptr)
     __attribute__ ((__nothrow__ , __leaf__)) __attribute__ ((__pure__)) __attribute__ ((__nonnull__ (1))) ;



__extension__ extern long long int atoll (const char *__nptr)
     __attribute__ ((__nothrow__ , __leaf__)) __attribute__ ((__pure__)) __attribute__ ((__nonnull__ (1))) ;



extern double strtod (const char *__restrict __nptr,
        char **__restrict __endptr)
     __attribute__ ((__nothrow__ , __leaf__)) __attribute__ ((__nonnull__ (1)));



extern float strtof (const char *__restrict __nptr,
       char **__restrict __endptr) __attribute__ ((__nothrow__ , __leaf__)) __attribute__ ((__nonnull__ (1)));

extern long double strtold (const char *__restrict __nptr,
       char **__restrict __endptr)
     __attribute__ ((__nothrow__ , __leaf__)) __attribute__ ((__nonnull__ (1)));
# 176 "/usr/include/stdlib.h" 3 4
extern long int strtol (const char *__restrict __nptr,
   char **__restrict __endptr, int __base)
     __attribute__ ((__nothrow__ , __leaf__)) __attribute__ ((__nonnull__ (1)));

extern unsigned long int strtoul (const char *__restrict __nptr,
      char **__restrict __endptr, int __base)
     __attribute__ ((__nothrow__ , __leaf__)) __attribute__ ((__nonnull__ (1)));



__extension__
extern long long int strtoq (const char *__restrict __nptr,
        char **__restrict __endptr, int __base)
     __attribute__ ((__nothrow__ , __leaf__)) __attribute__ ((__nonnull__ (1)));

__extension__
extern unsigned long long int strtouq (const char *__restrict __nptr,
           char **__restrict __endptr, int __base)
     __attribute__ ((__nothrow__ , __leaf__)) __attribute__ ((__nonnull__ (1)));




__extension__
extern long long int strtoll (const char *__restrict __nptr,
         char **__restrict __endptr, int __base)
     __attribute__ ((__nothrow__ , __leaf__)) __attribute__ ((__nonnull__ (1)));

__extension__
extern unsigned long long int strtoull (const char *__restrict __nptr,
     char **__restrict __endptr, int __base)
     __attribute__ ((__nothrow__ , __leaf__)) __attribute__ ((__nonnull__ (1)));
# 385 "/usr/include/stdlib.h" 3 4
extern char *l64a (long int __n) __attribute__ ((__nothrow__ , __leaf__)) ;


extern long int a64l (const char *__s)
     __attribute__ ((__nothrow__ , __leaf__)) __attribute__ ((__pure__)) __attribute__ ((__nonnull__ (1))) ;




# 1 "/usr/include/x86_64-linux-gnu/sys/types.h" 1 3 4
# 27 "/usr/include/x86_64-linux-gnu/sys/types.h" 3 4






typedef __u_char u_char;
typedef __u_short u_short;
typedef __u_int u_int;
typedef __u_long u_long;
typedef __quad_t quad_t;
typedef __u_quad_t u_quad_t;
typedef __fsid_t fsid_t;




typedef __loff_t loff_t;



typedef __ino_t ino_t;
# 60 "/usr/include/x86_64-linux-gnu/sys/types.h" 3 4
typedef __dev_t dev_t;




typedef __gid_t gid_t;




typedef __mode_t mode_t;




typedef __nlink_t nlink_t;




typedef __uid_t uid_t;
# 98 "/usr/include/x86_64-linux-gnu/sys/types.h" 3 4
typedef __pid_t pid_t;





typedef __id_t id_t;
# 115 "/usr/include/x86_64-linux-gnu/sys/types.h" 3 4
typedef __daddr_t daddr_t;
typedef __caddr_t caddr_t;





typedef __key_t key_t;




# 1 "/usr/include/x86_64-linux-gnu/bits/types/clock_t.h" 1 3 4






typedef __clock_t clock_t;
# 128 "/usr/include/x86_64-linux-gnu/sys/types.h" 2 3 4

# 1 "/usr/include/x86_64-linux-gnu/bits/types/clockid_t.h" 1 3 4






typedef __clockid_t clockid_t;
# 130 "/usr/include/x86_64-linux-gnu/sys/types.h" 2 3 4
# 1 "/usr/include/x86_64-linux-gnu/bits/types/time_t.h" 1 3 4






typedef __time_t time_t;
# 131 "/usr/include/x86_64-linux-gnu/sys/types.h" 2 3 4
# 1 "/usr/include/x86_64-linux-gnu/bits/types/timer_t.h" 1 3 4






typedef __timer_t timer_t;
# 132 "/usr/include/x86_64-linux-gnu/sys/types.h" 2 3 4
# 145 "/usr/include/x86_64-linux-gnu/sys/types.h" 3 4
# 1 "/usr/lib/gcc/x86_64-linux-gnu/7/include/stddef.h" 1 3 4
# 146 "/usr/include/x86_64-linux-gnu/sys/types.h" 2 3 4



typedef unsigned long int ulong;
typedef unsigned short int ushort;
typedef unsigned int uint;




# 1 "/usr/include/x86_64-linux-gnu/bits/stdint-intn.h" 1 3 4
# 24 "/usr/include/x86_64-linux-gnu/bits/stdint-intn.h" 3 4
typedef __int8_t int8_t;
typedef __int16_t int16_t;
typedef __int32_t int32_t;
typedef __int64_t int64_t;
# 157 "/usr/include/x86_64-linux-gnu/sys/types.h" 2 3 4
# 178 "/usr/include/x86_64-linux-gnu/sys/types.h" 3 4
typedef unsigned int u_int8_t __attribute__ ((__mode__ (__QI__)));
typedef unsigned int u_int16_t __attribute__ ((__mode__ (__HI__)));
typedef unsigned int u_int32_t __attribute__ ((__mode__ (__SI__)));
typedef unsigned int u_int64_t __attribute__ ((__mode__ (__DI__)));

typedef int register_t __attribute__ ((__mode__ (__word__)));
# 194 "/usr/include/x86_64-linux-gnu/sys/types.h" 3 4
# 1 "/usr/include/endian.h" 1 3 4
# 36 "/usr/include/endian.h" 3 4
# 1 "/usr/include/x86_64-linux-gnu/bits/endian.h" 1 3 4
# 37 "/usr/include/endian.h" 2 3 4
# 60 "/usr/include/endian.h" 3 4
# 1 "/usr/include/x86_64-linux-gnu/bits/byteswap.h" 1 3 4
# 28 "/usr/include/x86_64-linux-gnu/bits/byteswap.h" 3 4
# 1 "/usr/include/x86_64-linux-gnu/bits/wordsize.h" 1 3 4
# 29 "/usr/include/x86_64-linux-gnu/bits/byteswap.h" 2 3 4






# 1 "/usr/include/x86_64-linux-gnu/bits/byteswap-16.h" 1 3 4
# 36 "/usr/include/x86_64-linux-gnu/bits/byteswap.h" 2 3 4
# 44 "/usr/include/x86_64-linux-gnu/bits/byteswap.h" 3 4
static __inline unsigned int
__bswap_32 (unsigned int __bsx)
{
  return __builtin_bswap32 (__bsx);
}
# 108 "/usr/include/x86_64-linux-gnu/bits/byteswap.h" 3 4
static __inline __uint64_t
__bswap_64 (__uint64_t __bsx)
{
  return __builtin_bswap64 (__bsx);
}
# 61 "/usr/include/endian.h" 2 3 4
# 1 "/usr/include/x86_64-linux-gnu/bits/uintn-identity.h" 1 3 4
# 32 "/usr/include/x86_64-linux-gnu/bits/uintn-identity.h" 3 4
static __inline __uint16_t
__uint16_identity (__uint16_t __x)
{
  return __x;
}

static __inline __uint32_t
__uint32_identity (__uint32_t __x)
{
  return __x;
}

static __inline __uint64_t
__uint64_identity (__uint64_t __x)
{
  return __x;
}
# 62 "/usr/include/endian.h" 2 3 4
# 195 "/usr/include/x86_64-linux-gnu/sys/types.h" 2 3 4


# 1 "/usr/include/x86_64-linux-gnu/sys/select.h" 1 3 4
# 30 "/usr/include/x86_64-linux-gnu/sys/select.h" 3 4
# 1 "/usr/include/x86_64-linux-gnu/bits/select.h" 1 3 4
# 22 "/usr/include/x86_64-linux-gnu/bits/select.h" 3 4
# 1 "/usr/include/x86_64-linux-gnu/bits/wordsize.h" 1 3 4
# 23 "/usr/include/x86_64-linux-gnu/bits/select.h" 2 3 4
# 31 "/usr/include/x86_64-linux-gnu/sys/select.h" 2 3 4


# 1 "/usr/include/x86_64-linux-gnu/bits/types/sigset_t.h" 1 3 4



# 1 "/usr/include/x86_64-linux-gnu/bits/types/__sigset_t.h" 1 3 4




typedef struct
{
  unsigned long int __val[(1024 / (8 * sizeof (unsigned long int)))];
} __sigset_t;
# 5 "/usr/include/x86_64-linux-gnu/bits/types/sigset_t.h" 2 3 4


typedef __sigset_t sigset_t;
# 34 "/usr/include/x86_64-linux-gnu/sys/select.h" 2 3 4



# 1 "/usr/include/x86_64-linux-gnu/bits/types/struct_timeval.h" 1 3 4







struct timeval
{
  __time_t tv_sec;
  __suseconds_t tv_usec;
};
# 38 "/usr/include/x86_64-linux-gnu/sys/select.h" 2 3 4

# 1 "/usr/include/x86_64-linux-gnu/bits/types/struct_timespec.h" 1 3 4







struct timespec
{
  __time_t tv_sec;
  __syscall_slong_t tv_nsec;
};
# 40 "/usr/include/x86_64-linux-gnu/sys/select.h" 2 3 4



typedef __suseconds_t suseconds_t;





typedef long int __fd_mask;
# 59 "/usr/include/x86_64-linux-gnu/sys/select.h" 3 4
typedef struct
  {






    __fd_mask __fds_bits[1024 / (8 * (int) sizeof (__fd_mask))];


  } fd_set;






typedef __fd_mask fd_mask;
# 91 "/usr/include/x86_64-linux-gnu/sys/select.h" 3 4

# 101 "/usr/include/x86_64-linux-gnu/sys/select.h" 3 4
extern int select (int __nfds, fd_set *__restrict __readfds,
     fd_set *__restrict __writefds,
     fd_set *__restrict __exceptfds,
     struct timeval *__restrict __timeout);
# 113 "/usr/include/x86_64-linux-gnu/sys/select.h" 3 4
extern int pselect (int __nfds, fd_set *__restrict __readfds,
      fd_set *__restrict __writefds,
      fd_set *__restrict __exceptfds,
      const struct timespec *__restrict __timeout,
      const __sigset_t *__restrict __sigmask);
# 126 "/usr/include/x86_64-linux-gnu/sys/select.h" 3 4

# 198 "/usr/include/x86_64-linux-gnu/sys/types.h" 2 3 4







# 1 "/usr/include/x86_64-linux-gnu/sys/sysmacros.h" 1 3 4
# 41 "/usr/include/x86_64-linux-gnu/sys/sysmacros.h" 3 4
# 1 "/usr/include/x86_64-linux-gnu/bits/sysmacros.h" 1 3 4
# 42 "/usr/include/x86_64-linux-gnu/sys/sysmacros.h" 2 3 4
# 71 "/usr/include/x86_64-linux-gnu/sys/sysmacros.h" 3 4


extern unsigned int gnu_dev_major (__dev_t __dev) __attribute__ ((__nothrow__ , __leaf__)) __attribute__ ((__const__));
extern unsigned int gnu_dev_minor (__dev_t __dev) __attribute__ ((__nothrow__ , __leaf__)) __attribute__ ((__const__));
extern __dev_t gnu_dev_makedev (unsigned int __major, unsigned int __minor) __attribute__ ((__nothrow__ , __leaf__)) __attribute__ ((__const__));
# 85 "/usr/include/x86_64-linux-gnu/sys/sysmacros.h" 3 4

# 206 "/usr/include/x86_64-linux-gnu/sys/types.h" 2 3 4






typedef __blksize_t blksize_t;






typedef __blkcnt_t blkcnt_t;



typedef __fsblkcnt_t fsblkcnt_t;



typedef __fsfilcnt_t fsfilcnt_t;
# 254 "/usr/include/x86_64-linux-gnu/sys/types.h" 3 4
# 1 "/usr/include/x86_64-linux-gnu/bits/pthreadtypes.h" 1 3 4
# 23 "/usr/include/x86_64-linux-gnu/bits/pthreadtypes.h" 3 4
# 1 "/usr/include/x86_64-linux-gnu/bits/thread-shared-types.h" 1 3 4
# 77 "/usr/include/x86_64-linux-gnu/bits/thread-shared-types.h" 3 4
# 1 "/usr/include/x86_64-linux-gnu/bits/pthreadtypes-arch.h" 1 3 4
# 21 "/usr/include/x86_64-linux-gnu/bits/pthreadtypes-arch.h" 3 4
# 1 "/usr/include/x86_64-linux-gnu/bits/wordsize.h" 1 3 4
# 22 "/usr/include/x86_64-linux-gnu/bits/pthreadtypes-arch.h" 2 3 4
# 65 "/usr/include/x86_64-linux-gnu/bits/pthreadtypes-arch.h" 3 4
struct __pthread_rwlock_arch_t
{
  unsigned int __readers;
  unsigned int __writers;
  unsigned int __wrphase_futex;
  unsigned int __writers_futex;
  unsigned int __pad3;
  unsigned int __pad4;

  int __cur_writer;
  int __shared;
  signed char __rwelision;




  unsigned char __pad1[7];


  unsigned long int __pad2;


  unsigned int __flags;
# 99 "/usr/include/x86_64-linux-gnu/bits/pthreadtypes-arch.h" 3 4
};
# 78 "/usr/include/x86_64-linux-gnu/bits/thread-shared-types.h" 2 3 4




typedef struct __pthread_internal_list
{
  struct __pthread_internal_list *__prev;
  struct __pthread_internal_list *__next;
} __pthread_list_t;
# 118 "/usr/include/x86_64-linux-gnu/bits/thread-shared-types.h" 3 4
struct __pthread_mutex_s
{
  int __lock ;
  unsigned int __count;
  int __owner;

  unsigned int __nusers;



  int __kind;
 




  short __spins; short __elision;
  __pthread_list_t __list;
# 145 "/usr/include/x86_64-linux-gnu/bits/thread-shared-types.h" 3 4
 
};




struct __pthread_cond_s
{
  __extension__ union
  {
    __extension__ unsigned long long int __wseq;
    struct
    {
      unsigned int __low;
      unsigned int __high;
    } __wseq32;
  };
  __extension__ union
  {
    __extension__ unsigned long long int __g1_start;
    struct
    {
      unsigned int __low;
      unsigned int __high;
    } __g1_start32;
  };
  unsigned int __g_refs[2] ;
  unsigned int __g_size[2];
  unsigned int __g1_orig_size;
  unsigned int __wrefs;
  unsigned int __g_signals[2];
};
# 24 "/usr/include/x86_64-linux-gnu/bits/pthreadtypes.h" 2 3 4



typedef unsigned long int pthread_t;




typedef union
{
  char __size[4];
  int __align;
} pthread_mutexattr_t;




typedef union
{
  char __size[4];
  int __align;
} pthread_condattr_t;



typedef unsigned int pthread_key_t;



typedef int pthread_once_t;


union pthread_attr_t
{
  char __size[56];
  long int __align;
};

typedef union pthread_attr_t pthread_attr_t;




typedef union
{
  struct __pthread_mutex_s __data;
  char __size[40];
  long int __align;
} pthread_mutex_t;


typedef union
{
  struct __pthread_cond_s __data;
  char __size[48];
  __extension__ long long int __align;
} pthread_cond_t;





typedef union
{
  struct __pthread_rwlock_arch_t __data;
  char __size[56];
  long int __align;
} pthread_rwlock_t;

typedef union
{
  char __size[8];
  long int __align;
} pthread_rwlockattr_t;





typedef volatile int pthread_spinlock_t;




typedef union
{
  char __size[32];
  long int __align;
} pthread_barrier_t;

typedef union
{
  char __size[4];
  int __align;
} pthread_barrierattr_t;
# 255 "/usr/include/x86_64-linux-gnu/sys/types.h" 2 3 4



# 395 "/usr/include/stdlib.h" 2 3 4






extern long int random (void) __attribute__ ((__nothrow__ , __leaf__));


extern void srandom (unsigned int __seed) __attribute__ ((__nothrow__ , __leaf__));





extern char *initstate (unsigned int __seed, char *__statebuf,
   size_t __statelen) __attribute__ ((__nothrow__ , __leaf__)) __attribute__ ((__nonnull__ (2)));



extern char *setstate (char *__statebuf) __attribute__ ((__nothrow__ , __leaf__)) __attribute__ ((__nonnull__ (1)));







struct random_data
  {
    int32_t *fptr;
    int32_t *rptr;
    int32_t *state;
    int rand_type;
    int rand_deg;
    int rand_sep;
    int32_t *end_ptr;
  };

extern int random_r (struct random_data *__restrict __buf,
       int32_t *__restrict __result) __attribute__ ((__nothrow__ , __leaf__)) __attribute__ ((__nonnull__ (1, 2)));

extern int srandom_r (unsigned int __seed, struct random_data *__buf)
     __attribute__ ((__nothrow__ , __leaf__)) __attribute__ ((__nonnull__ (2)));

extern int initstate_r (unsigned int __seed, char *__restrict __statebuf,
   size_t __statelen,
   struct random_data *__restrict __buf)
     __attribute__ ((__nothrow__ , __leaf__)) __attribute__ ((__nonnull__ (2, 4)));

extern int setstate_r (char *__restrict __statebuf,
         struct random_data *__restrict __buf)
     __attribute__ ((__nothrow__ , __leaf__)) __attribute__ ((__nonnull__ (1, 2)));





extern int rand (void) __attribute__ ((__nothrow__ , __leaf__));

extern void srand (unsigned int __seed) __attribute__ ((__nothrow__ , __leaf__));



extern int rand_r (unsigned int *__seed) __attribute__ ((__nothrow__ , __leaf__));







extern double drand48 (void) __attribute__ ((__nothrow__ , __leaf__));
extern double erand48 (unsigned short int __xsubi[3]) __attribute__ ((__nothrow__ , __leaf__)) __attribute__ ((__nonnull__ (1)));


extern long int lrand48 (void) __attribute__ ((__nothrow__ , __leaf__));
extern long int nrand48 (unsigned short int __xsubi[3])
     __attribute__ ((__nothrow__ , __leaf__)) __attribute__ ((__nonnull__ (1)));


extern long int mrand48 (void) __attribute__ ((__nothrow__ , __leaf__));
extern long int jrand48 (unsigned short int __xsubi[3])
     __attribute__ ((__nothrow__ , __leaf__)) __attribute__ ((__nonnull__ (1)));


extern void srand48 (long int __seedval) __attribute__ ((__nothrow__ , __leaf__));
extern unsigned short int *seed48 (unsigned short int __seed16v[3])
     __attribute__ ((__nothrow__ , __leaf__)) __attribute__ ((__nonnull__ (1)));
extern void lcong48 (unsigned short int __param[7]) __attribute__ ((__nothrow__ , __leaf__)) __attribute__ ((__nonnull__ (1)));





struct drand48_data
  {
    unsigned short int __x[3];
    unsigned short int __old_x[3];
    unsigned short int __c;
    unsigned short int __init;
    __extension__ unsigned long long int __a;

  };


extern int drand48_r (struct drand48_data *__restrict __buffer,
        double *__restrict __result) __attribute__ ((__nothrow__ , __leaf__)) __attribute__ ((__nonnull__ (1, 2)));
extern int erand48_r (unsigned short int __xsubi[3],
        struct drand48_data *__restrict __buffer,
        double *__restrict __result) __attribute__ ((__nothrow__ , __leaf__)) __attribute__ ((__nonnull__ (1, 2)));


extern int lrand48_r (struct drand48_data *__restrict __buffer,
        long int *__restrict __result)
     __attribute__ ((__nothrow__ , __leaf__)) __attribute__ ((__nonnull__ (1, 2)));
extern int nrand48_r (unsigned short int __xsubi[3],
        struct drand48_data *__restrict __buffer,
        long int *__restrict __result)
     __attribute__ ((__nothrow__ , __leaf__)) __attribute__ ((__nonnull__ (1, 2)));


extern int mrand48_r (struct drand48_data *__restrict __buffer,
        long int *__restrict __result)
     __attribute__ ((__nothrow__ , __leaf__)) __attribute__ ((__nonnull__ (1, 2)));
extern int jrand48_r (unsigned short int __xsubi[3],
        struct drand48_data *__restrict __buffer,
        long int *__restrict __result)
     __attribute__ ((__nothrow__ , __leaf__)) __attribute__ ((__nonnull__ (1, 2)));


extern int srand48_r (long int __seedval, struct drand48_data *__buffer)
     __attribute__ ((__nothrow__ , __leaf__)) __attribute__ ((__nonnull__ (2)));

extern int seed48_r (unsigned short int __seed16v[3],
       struct drand48_data *__buffer) __attribute__ ((__nothrow__ , __leaf__)) __attribute__ ((__nonnull__ (1, 2)));

extern int lcong48_r (unsigned short int __param[7],
        struct drand48_data *__buffer)
     __attribute__ ((__nothrow__ , __leaf__)) __attribute__ ((__nonnull__ (1, 2)));




extern void *malloc (size_t __size) __attribute__ ((__nothrow__ , __leaf__)) __attribute__ ((__malloc__)) ;

extern void *calloc (size_t __nmemb, size_t __size)
     __attribute__ ((__nothrow__ , __leaf__)) __attribute__ ((__malloc__)) ;






extern void *realloc (void *__ptr, size_t __size)
     __attribute__ ((__nothrow__ , __leaf__)) __attribute__ ((__warn_unused_result__));
# 563 "/usr/include/stdlib.h" 3 4
extern void free (void *__ptr) __attribute__ ((__nothrow__ , __leaf__));


# 1 "/usr/include/alloca.h" 1 3 4
# 24 "/usr/include/alloca.h" 3 4
# 1 "/usr/lib/gcc/x86_64-linux-gnu/7/include/stddef.h" 1 3 4
# 25 "/usr/include/alloca.h" 2 3 4







extern void *alloca (size_t __size) __attribute__ ((__nothrow__ , __leaf__));






# 567 "/usr/include/stdlib.h" 2 3 4





extern void *valloc (size_t __size) __attribute__ ((__nothrow__ , __leaf__)) __attribute__ ((__malloc__)) ;




extern int posix_memalign (void **__memptr, size_t __alignment, size_t __size)
     __attribute__ ((__nothrow__ , __leaf__)) __attribute__ ((__nonnull__ (1))) ;




extern void *aligned_alloc (size_t __alignment, size_t __size)
     __attribute__ ((__nothrow__ , __leaf__)) __attribute__ ((__malloc__)) __attribute__ ((__alloc_size__ (2))) ;



extern void abort (void) __attribute__ ((__nothrow__ , __leaf__)) __attribute__ ((__noreturn__));



extern int atexit (void (*__func) (void)) __attribute__ ((__nothrow__ , __leaf__)) __attribute__ ((__nonnull__ (1)));







extern int at_quick_exit (void (*__func) (void)) __attribute__ ((__nothrow__ , __leaf__)) __attribute__ ((__nonnull__ (1)));






extern int on_exit (void (*__func) (int __status, void *__arg), void *__arg)
     __attribute__ ((__nothrow__ , __leaf__)) __attribute__ ((__nonnull__ (1)));





extern void exit (int __status) __attribute__ ((__nothrow__ , __leaf__)) __attribute__ ((__noreturn__));





extern void quick_exit (int __status) __attribute__ ((__nothrow__ , __leaf__)) __attribute__ ((__noreturn__));





extern void _Exit (int __status) __attribute__ ((__nothrow__ , __leaf__)) __attribute__ ((__noreturn__));




extern char *getenv (const char *__name) __attribute__ ((__nothrow__ , __leaf__)) __attribute__ ((__nonnull__ (1))) ;
# 644 "/usr/include/stdlib.h" 3 4
extern int putenv (char *__string) __attribute__ ((__nothrow__ , __leaf__)) __attribute__ ((__nonnull__ (1)));





extern int setenv (const char *__name, const char *__value, int __replace)
     __attribute__ ((__nothrow__ , __leaf__)) __attribute__ ((__nonnull__ (2)));


extern int unsetenv (const char *__name) __attribute__ ((__nothrow__ , __leaf__)) __attribute__ ((__nonnull__ (1)));






extern int clearenv (void) __attribute__ ((__nothrow__ , __leaf__));
# 672 "/usr/include/stdlib.h" 3 4
extern char *mktemp (char *__template) __attribute__ ((__nothrow__ , __leaf__)) __attribute__ ((__nonnull__ (1)));
# 685 "/usr/include/stdlib.h" 3 4
extern int mkstemp (char *__template) __attribute__ ((__nonnull__ (1))) ;
# 707 "/usr/include/stdlib.h" 3 4
extern int mkstemps (char *__template, int __suffixlen) __attribute__ ((__nonnull__ (1))) ;
# 728 "/usr/include/stdlib.h" 3 4
extern char *mkdtemp (char *__template) __attribute__ ((__nothrow__ , __leaf__)) __attribute__ ((__nonnull__ (1))) ;
# 781 "/usr/include/stdlib.h" 3 4
extern int system (const char *__command) ;
# 797 "/usr/include/stdlib.h" 3 4
extern char *realpath (const char *__restrict __name,
         char *__restrict __resolved) __attribute__ ((__nothrow__ , __leaf__)) ;






typedef int (*__compar_fn_t) (const void *, const void *);
# 817 "/usr/include/stdlib.h" 3 4
extern void *bsearch (const void *__key, const void *__base,
        size_t __nmemb, size_t __size, __compar_fn_t __compar)
     __attribute__ ((__nonnull__ (1, 2, 5))) ;







extern void qsort (void *__base, size_t __nmemb, size_t __size,
     __compar_fn_t __compar) __attribute__ ((__nonnull__ (1, 4)));
# 837 "/usr/include/stdlib.h" 3 4
extern int abs (int __x) __attribute__ ((__nothrow__ , __leaf__)) __attribute__ ((__const__)) ;
extern long int labs (long int __x) __attribute__ ((__nothrow__ , __leaf__)) __attribute__ ((__const__)) ;


__extension__ extern long long int llabs (long long int __x)
     __attribute__ ((__nothrow__ , __leaf__)) __attribute__ ((__const__)) ;






extern div_t div (int __numer, int __denom)
     __attribute__ ((__nothrow__ , __leaf__)) __attribute__ ((__const__)) ;
extern ldiv_t ldiv (long int __numer, long int __denom)
     __attribute__ ((__nothrow__ , __leaf__)) __attribute__ ((__const__)) ;


__extension__ extern lldiv_t lldiv (long long int __numer,
        long long int __denom)
     __attribute__ ((__nothrow__ , __leaf__)) __attribute__ ((__const__)) ;
# 869 "/usr/include/stdlib.h" 3 4
extern char *ecvt (double __value, int __ndigit, int *__restrict __decpt,
     int *__restrict __sign) __attribute__ ((__nothrow__ , __leaf__)) __attribute__ ((__nonnull__ (3, 4))) ;




extern char *fcvt (double __value, int __ndigit, int *__restrict __decpt,
     int *__restrict __sign) __attribute__ ((__nothrow__ , __leaf__)) __attribute__ ((__nonnull__ (3, 4))) ;




extern char *gcvt (double __value, int __ndigit, char *__buf)
     __attribute__ ((__nothrow__ , __leaf__)) __attribute__ ((__nonnull__ (3))) ;




extern char *qecvt (long double __value, int __ndigit,
      int *__restrict __decpt, int *__restrict __sign)
     __attribute__ ((__nothrow__ , __leaf__)) __attribute__ ((__nonnull__ (3, 4))) ;
extern char *qfcvt (long double __value, int __ndigit,
      int *__restrict __decpt, int *__restrict __sign)
     __attribute__ ((__nothrow__ , __leaf__)) __attribute__ ((__nonnull__ (3, 4))) ;
extern char *qgcvt (long double __value, int __ndigit, char *__buf)
     __attribute__ ((__nothrow__ , __leaf__)) __attribute__ ((__nonnull__ (3))) ;




extern int ecvt_r (double __value, int __ndigit, int *__restrict __decpt,
     int *__restrict __sign, char *__restrict __buf,
     size_t __len) __attribute__ ((__nothrow__ , __leaf__)) __attribute__ ((__nonnull__ (3, 4, 5)));
extern int fcvt_r (double __value, int __ndigit, int *__restrict __decpt,
     int *__restrict __sign, char *__restrict __buf,
     size_t __len) __attribute__ ((__nothrow__ , __leaf__)) __attribute__ ((__nonnull__ (3, 4, 5)));

extern int qecvt_r (long double __value, int __ndigit,
      int *__restrict __decpt, int *__restrict __sign,
      char *__restrict __buf, size_t __len)
     __attribute__ ((__nothrow__ , __leaf__)) __attribute__ ((__nonnull__ (3, 4, 5)));
extern int qfcvt_r (long double __value, int __ndigit,
      int *__restrict __decpt, int *__restrict __sign,
      char *__restrict __buf, size_t __len)
     __attribute__ ((__nothrow__ , __leaf__)) __attribute__ ((__nonnull__ (3, 4, 5)));





extern int mblen (const char *__s, size_t __n) __attribute__ ((__nothrow__ , __leaf__));


extern int mbtowc (wchar_t *__restrict __pwc,
     const char *__restrict __s, size_t __n) __attribute__ ((__nothrow__ , __leaf__));


extern int wctomb (char *__s, wchar_t __wchar) __attribute__ ((__nothrow__ , __leaf__));



extern size_t mbstowcs (wchar_t *__restrict __pwcs,
   const char *__restrict __s, size_t __n) __attribute__ ((__nothrow__ , __leaf__));

extern size_t wcstombs (char *__restrict __s,
   const wchar_t *__restrict __pwcs, size_t __n)
     __attribute__ ((__nothrow__ , __leaf__));







extern int rpmatch (const char *__response) __attribute__ ((__nothrow__ , __leaf__)) __attribute__ ((__nonnull__ (1))) ;
# 954 "/usr/include/stdlib.h" 3 4
extern int getsubopt (char **__restrict __optionp,
        char *const *__restrict __tokens,
        char **__restrict __valuep)
     __attribute__ ((__nothrow__ , __leaf__)) __attribute__ ((__nonnull__ (1, 2, 3))) ;
# 1006 "/usr/include/stdlib.h" 3 4
extern int getloadavg (double __loadavg[], int __nelem)
     __attribute__ ((__nothrow__ , __leaf__)) __attribute__ ((__nonnull__ (1)));
# 1016 "/usr/include/stdlib.h" 3 4
# 1 "/usr/include/x86_64-linux-gnu/bits/stdlib-float.h" 1 3 4
# 1017 "/usr/include/stdlib.h" 2 3 4
# 1026 "/usr/include/stdlib.h" 3 4

# 3 "rb_tree_2.c" 2
# 1 "/usr/include/string.h" 1 3 4
# 26 "/usr/include/string.h" 3 4
# 1 "/usr/include/x86_64-linux-gnu/bits/libc-header-start.h" 1 3 4
# 27 "/usr/include/string.h" 2 3 4






# 1 "/usr/lib/gcc/x86_64-linux-gnu/7/include/stddef.h" 1 3 4
# 34 "/usr/include/string.h" 2 3 4
# 42 "/usr/include/string.h" 3 4
extern void *memcpy (void *__restrict __dest, const void *__restrict __src,
       size_t __n) __attribute__ ((__nothrow__ , __leaf__)) __attribute__ ((__nonnull__ (1, 2)));


extern void *memmove (void *__dest, const void *__src, size_t __n)
     __attribute__ ((__nothrow__ , __leaf__)) __attribute__ ((__nonnull__ (1, 2)));





extern void *memccpy (void *__restrict __dest, const void *__restrict __src,
        int __c, size_t __n)
     __attribute__ ((__nothrow__ , __leaf__)) __attribute__ ((__nonnull__ (1, 2)));




extern void *memset (void *__s, int __c, size_t __n) __attribute__ ((__nothrow__ , __leaf__)) __attribute__ ((__nonnull__ (1)));


extern int memcmp (const void *__s1, const void *__s2, size_t __n)
     __attribute__ ((__nothrow__ , __leaf__)) __attribute__ ((__pure__)) __attribute__ ((__nonnull__ (1, 2)));
# 90 "/usr/include/string.h" 3 4
extern void *memchr (const void *__s, int __c, size_t __n)
      __attribute__ ((__nothrow__ , __leaf__)) __attribute__ ((__pure__)) __attribute__ ((__nonnull__ (1)));
# 121 "/usr/include/string.h" 3 4
extern char *strcpy (char *__restrict __dest, const char *__restrict __src)
     __attribute__ ((__nothrow__ , __leaf__)) __attribute__ ((__nonnull__ (1, 2)));

extern char *strncpy (char *__restrict __dest,
        const char *__restrict __src, size_t __n)
     __attribute__ ((__nothrow__ , __leaf__)) __attribute__ ((__nonnull__ (1, 2)));


extern char *strcat (char *__restrict __dest, const char *__restrict __src)
     __attribute__ ((__nothrow__ , __leaf__)) __attribute__ ((__nonnull__ (1, 2)));

extern char *strncat (char *__restrict __dest, const char *__restrict __src,
        size_t __n) __attribute__ ((__nothrow__ , __leaf__)) __attribute__ ((__nonnull__ (1, 2)));


extern int strcmp (const char *__s1, const char *__s2)
     __attribute__ ((__nothrow__ , __leaf__)) __attribute__ ((__pure__)) __attribute__ ((__nonnull__ (1, 2)));

extern int strncmp (const char *__s1, const char *__s2, size_t __n)
     __attribute__ ((__nothrow__ , __leaf__)) __attribute__ ((__pure__)) __attribute__ ((__nonnull__ (1, 2)));


extern int strcoll (const char *__s1, const char *__s2)
     __attribute__ ((__nothrow__ , __leaf__)) __attribute__ ((__pure__)) __attribute__ ((__nonnull__ (1, 2)));

extern size_t strxfrm (char *__restrict __dest,
         const char *__restrict __src, size_t __n)
     __attribute__ ((__nothrow__ , __leaf__)) __attribute__ ((__nonnull__ (2)));



# 1 "/usr/include/x86_64-linux-gnu/bits/types/locale_t.h" 1 3 4
# 22 "/usr/include/x86_64-linux-gnu/bits/types/locale_t.h" 3 4
# 1 "/usr/include/x86_64-linux-gnu/bits/types/__locale_t.h" 1 3 4
# 28 "/usr/include/x86_64-linux-gnu/bits/types/__locale_t.h" 3 4
struct __locale_struct
{

  struct __locale_data *__locales[13];


  const unsigned short int *__ctype_b;
  const int *__ctype_tolower;
  const int *__ctype_toupper;


  const char *__names[13];
};

typedef struct __locale_struct *__locale_t;
# 23 "/usr/include/x86_64-linux-gnu/bits/types/locale_t.h" 2 3 4

typedef __locale_t locale_t;
# 153 "/usr/include/string.h" 2 3 4


extern int strcoll_l (const char *__s1, const char *__s2, locale_t __l)
     __attribute__ ((__nothrow__ , __leaf__)) __attribute__ ((__pure__)) __attribute__ ((__nonnull__ (1, 2, 3)));


extern size_t strxfrm_l (char *__dest, const char *__src, size_t __n,
    locale_t __l) __attribute__ ((__nothrow__ , __leaf__)) __attribute__ ((__nonnull__ (2, 4)));





extern char *strdup (const char *__s)
     __attribute__ ((__nothrow__ , __leaf__)) __attribute__ ((__malloc__)) __attribute__ ((__nonnull__ (1)));






extern char *strndup (const char *__string, size_t __n)
     __attribute__ ((__nothrow__ , __leaf__)) __attribute__ ((__malloc__)) __attribute__ ((__nonnull__ (1)));
# 225 "/usr/include/string.h" 3 4
extern char *strchr (const char *__s, int __c)
     __attribute__ ((__nothrow__ , __leaf__)) __attribute__ ((__pure__)) __attribute__ ((__nonnull__ (1)));
# 252 "/usr/include/string.h" 3 4
extern char *strrchr (const char *__s, int __c)
     __attribute__ ((__nothrow__ , __leaf__)) __attribute__ ((__pure__)) __attribute__ ((__nonnull__ (1)));
# 272 "/usr/include/string.h" 3 4
extern size_t strcspn (const char *__s, const char *__reject)
     __attribute__ ((__nothrow__ , __leaf__)) __attribute__ ((__pure__)) __attribute__ ((__nonnull__ (1, 2)));


extern size_t strspn (const char *__s, const char *__accept)
     __attribute__ ((__nothrow__ , __leaf__)) __attribute__ ((__pure__)) __attribute__ ((__nonnull__ (1, 2)));
# 302 "/usr/include/string.h" 3 4
extern char *strpbrk (const char *__s, const char *__accept)
     __attribute__ ((__nothrow__ , __leaf__)) __attribute__ ((__pure__)) __attribute__ ((__nonnull__ (1, 2)));
# 329 "/usr/include/string.h" 3 4
extern char *strstr (const char *__haystack, const char *__needle)
     __attribute__ ((__nothrow__ , __leaf__)) __attribute__ ((__pure__)) __attribute__ ((__nonnull__ (1, 2)));




extern char *strtok (char *__restrict __s, const char *__restrict __delim)
     __attribute__ ((__nothrow__ , __leaf__)) __attribute__ ((__nonnull__ (2)));



extern char *__strtok_r (char *__restrict __s,
    const char *__restrict __delim,
    char **__restrict __save_ptr)
     __attribute__ ((__nothrow__ , __leaf__)) __attribute__ ((__nonnull__ (2, 3)));

extern char *strtok_r (char *__restrict __s, const char *__restrict __delim,
         char **__restrict __save_ptr)
     __attribute__ ((__nothrow__ , __leaf__)) __attribute__ ((__nonnull__ (2, 3)));
# 384 "/usr/include/string.h" 3 4
extern size_t strlen (const char *__s)
     __attribute__ ((__nothrow__ , __leaf__)) __attribute__ ((__pure__)) __attribute__ ((__nonnull__ (1)));




extern size_t strnlen (const char *__string, size_t __maxlen)
     __attribute__ ((__nothrow__ , __leaf__)) __attribute__ ((__pure__)) __attribute__ ((__nonnull__ (1)));




extern char *strerror (int __errnum) __attribute__ ((__nothrow__ , __leaf__));
# 409 "/usr/include/string.h" 3 4
extern int strerror_r (int __errnum, char *__buf, size_t __buflen) __asm__ ("" "__xpg_strerror_r") __attribute__ ((__nothrow__ , __leaf__))

                        __attribute__ ((__nonnull__ (2)));
# 427 "/usr/include/string.h" 3 4
extern char *strerror_l (int __errnum, locale_t __l) __attribute__ ((__nothrow__ , __leaf__));



# 1 "/usr/include/strings.h" 1 3 4
# 23 "/usr/include/strings.h" 3 4
# 1 "/usr/lib/gcc/x86_64-linux-gnu/7/include/stddef.h" 1 3 4
# 24 "/usr/include/strings.h" 2 3 4










extern int bcmp (const void *__s1, const void *__s2, size_t __n)
     __attribute__ ((__nothrow__ , __leaf__)) __attribute__ ((__pure__)) __attribute__ ((__nonnull__ (1, 2)));


extern void bcopy (const void *__src, void *__dest, size_t __n)
  __attribute__ ((__nothrow__ , __leaf__)) __attribute__ ((__nonnull__ (1, 2)));


extern void bzero (void *__s, size_t __n) __attribute__ ((__nothrow__ , __leaf__)) __attribute__ ((__nonnull__ (1)));
# 68 "/usr/include/strings.h" 3 4
extern char *index (const char *__s, int __c)
     __attribute__ ((__nothrow__ , __leaf__)) __attribute__ ((__pure__)) __attribute__ ((__nonnull__ (1)));
# 96 "/usr/include/strings.h" 3 4
extern char *rindex (const char *__s, int __c)
     __attribute__ ((__nothrow__ , __leaf__)) __attribute__ ((__pure__)) __attribute__ ((__nonnull__ (1)));






extern int ffs (int __i) __attribute__ ((__nothrow__ , __leaf__)) __attribute__ ((__const__));





extern int ffsl (long int __l) __attribute__ ((__nothrow__ , __leaf__)) __attribute__ ((__const__));
__extension__ extern int ffsll (long long int __ll)
     __attribute__ ((__nothrow__ , __leaf__)) __attribute__ ((__const__));



extern int strcasecmp (const char *__s1, const char *__s2)
     __attribute__ ((__nothrow__ , __leaf__)) __attribute__ ((__pure__)) __attribute__ ((__nonnull__ (1, 2)));


extern int strncasecmp (const char *__s1, const char *__s2, size_t __n)
     __attribute__ ((__nothrow__ , __leaf__)) __attribute__ ((__pure__)) __attribute__ ((__nonnull__ (1, 2)));






extern int strcasecmp_l (const char *__s1, const char *__s2, locale_t __loc)
     __attribute__ ((__nothrow__ , __leaf__)) __attribute__ ((__pure__)) __attribute__ ((__nonnull__ (1, 2, 3)));



extern int strncasecmp_l (const char *__s1, const char *__s2,
     size_t __n, locale_t __loc)
     __attribute__ ((__nothrow__ , __leaf__)) __attribute__ ((__pure__)) __attribute__ ((__nonnull__ (1, 2, 4)));



# 432 "/usr/include/string.h" 2 3 4



extern void explicit_bzero (void *__s, size_t __n) __attribute__ ((__nothrow__ , __leaf__)) __attribute__ ((__nonnull__ (1)));



extern char *strsep (char **__restrict __stringp,
       const char *__restrict __delim)
     __attribute__ ((__nothrow__ , __leaf__)) __attribute__ ((__nonnull__ (1, 2)));




extern char *strsignal (int __sig) __attribute__ ((__nothrow__ , __leaf__));


extern char *__stpcpy (char *__restrict __dest, const char *__restrict __src)
     __attribute__ ((__nothrow__ , __leaf__)) __attribute__ ((__nonnull__ (1, 2)));
extern char *stpcpy (char *__restrict __dest, const char *__restrict __src)
     __attribute__ ((__nothrow__ , __leaf__)) __attribute__ ((__nonnull__ (1, 2)));



extern char *__stpncpy (char *__restrict __dest,
   const char *__restrict __src, size_t __n)
     __attribute__ ((__nothrow__ , __leaf__)) __attribute__ ((__nonnull__ (1, 2)));
extern char *stpncpy (char *__restrict __dest,
        const char *__restrict __src, size_t __n)
     __attribute__ ((__nothrow__ , __leaf__)) __attribute__ ((__nonnull__ (1, 2)));
# 498 "/usr/include/string.h" 3 4

# 4 "rb_tree_2.c" 2
# 1 "rbtree_augmented.h" 1
# 27 "rbtree_augmented.h"
# 1 "rbtree.h" 1
# 36 "rbtree.h"

# 36 "rbtree.h"
struct rb_node {
 unsigned long __rb_parent_color;
 struct rb_node *rb_right;
 struct rb_node *rb_left;
} __attribute__((aligned(sizeof(long))));


struct rb_root {
 struct rb_node *rb_node;
};
# 66 "rbtree.h"
extern void rb_insert_color(struct rb_node *, struct rb_root *);
extern void rb_erase(struct rb_node *, struct rb_root *);



extern struct rb_node *rb_next(const struct rb_node *);
extern struct rb_node *rb_prev(const struct rb_node *);
extern struct rb_node *rb_first(const struct rb_root *);
extern struct rb_node *rb_last(const struct rb_root *);


extern void rb_replace_node(struct rb_node *victim, struct rb_node *new,
       struct rb_root *root);

static inline void rb_link_node(struct rb_node * node, struct rb_node * parent,
    struct rb_node ** rb_link)
{
 node->__rb_parent_color = (unsigned long)parent;
 node->rb_left = node->rb_right = 
# 84 "rbtree.h" 3 4
                                 ((void *)0)
# 84 "rbtree.h"
                                     ;

 *rb_link = node;
}
# 28 "rbtree_augmented.h" 2
# 37 "rbtree_augmented.h"
struct rb_augment_callbacks {
 void (*propagate)(struct rb_node *node, struct rb_node *stop);
 void (*copy)(struct rb_node *old, struct rb_node *new);
 void (*rotate)(struct rb_node *old, struct rb_node *new);
};

extern void __rb_insert_augmented(struct rb_node *node, struct rb_root *root,
 void (*augment_rotate)(struct rb_node *old, struct rb_node *new));
static inline void
rb_insert_augmented(struct rb_node *node, struct rb_root *root,
      const struct rb_augment_callbacks *augment)
{
 __rb_insert_augmented(node, root, augment->rotate);
}
# 98 "rbtree_augmented.h"
static inline void rb_set_parent(struct rb_node *rb, struct rb_node *p)
{
 rb->__rb_parent_color = (((rb)->__rb_parent_color) & 1) | (unsigned long)p;
}

static inline void rb_set_parent_color(struct rb_node *rb,
           struct rb_node *p, int color)
{
 rb->__rb_parent_color = (unsigned long)p | color;
}

static inline void
__rb_change_child(struct rb_node *old, struct rb_node *new,
    struct rb_node *parent, struct rb_root *root)
{
 if (parent) {
  if (parent->rb_left == old)
   parent->rb_left = new;
  else
   parent->rb_right = new;
 } else
  root->rb_node = new;
}

extern void __rb_erase_color(struct rb_node *parent, struct rb_root *root,
 void (*augment_rotate)(struct rb_node *old, struct rb_node *new));

static struct rb_node *
__rb_erase_augmented(struct rb_node *node, struct rb_root *root,
       const struct rb_augment_callbacks *augment)
{
 struct rb_node *child = node->rb_right, *tmp = node->rb_left;
 struct rb_node *parent, *rebalance;
 unsigned long pc;

 if (!tmp) {







  pc = node->__rb_parent_color;
  parent = ((struct rb_node *)(pc & ~3));
  __rb_change_child(node, child, parent, root);
  if (child) {
   child->__rb_parent_color = pc;
   rebalance = 
# 146 "rbtree_augmented.h" 3 4
              ((void *)0)
# 146 "rbtree_augmented.h"
                  ;
  } else
   rebalance = ((pc) & 1) ? parent : 
# 148 "rbtree_augmented.h" 3 4
                                           ((void *)0)
# 148 "rbtree_augmented.h"
                                               ;
  tmp = parent;
 } else if (!child) {

  tmp->__rb_parent_color = pc = node->__rb_parent_color;
  parent = ((struct rb_node *)(pc & ~3));
  __rb_change_child(node, tmp, parent, root);
  rebalance = 
# 155 "rbtree_augmented.h" 3 4
             ((void *)0)
# 155 "rbtree_augmented.h"
                 ;
  tmp = parent;
 } else {
  struct rb_node *successor = child, *child2;
  tmp = child->rb_left;
  if (!tmp) {
# 170 "rbtree_augmented.h"
   parent = successor;
   child2 = successor->rb_right;
   augment->copy(node, successor);
  } else {
# 188 "rbtree_augmented.h"
   do {
    parent = successor;
    successor = tmp;
    tmp = tmp->rb_left;
   } while (tmp);
   parent->rb_left = child2 = successor->rb_right;
   successor->rb_right = child;
   rb_set_parent(child, successor);
   augment->copy(node, successor);
   augment->propagate(parent, successor);
  }

  successor->rb_left = tmp = node->rb_left;
  rb_set_parent(tmp, successor);

  pc = node->__rb_parent_color;
  tmp = ((struct rb_node *)(pc & ~3));
  __rb_change_child(node, successor, tmp, root);
  if (child2) {
   successor->__rb_parent_color = pc;
   rb_set_parent_color(child2, parent, 1);
   rebalance = 
# 209 "rbtree_augmented.h" 3 4
              ((void *)0)
# 209 "rbtree_augmented.h"
                  ;
  } else {
   unsigned long pc2 = successor->__rb_parent_color;
   successor->__rb_parent_color = pc;
   rebalance = ((pc2) & 1) ? parent : 
# 213 "rbtree_augmented.h" 3 4
                                            ((void *)0)
# 213 "rbtree_augmented.h"
                                                ;
  }
  tmp = successor;
 }

 augment->propagate(tmp, 
# 218 "rbtree_augmented.h" 3 4
                        ((void *)0)
# 218 "rbtree_augmented.h"
                            );
 return rebalance;
}

static void
rb_erase_augmented(struct rb_node *node, struct rb_root *root,
     const struct rb_augment_callbacks *augment)
{
 struct rb_node *rebalance = __rb_erase_augmented(node, root, augment);
 if (rebalance)
  __rb_erase_color(rebalance, root, augment->rotate);
}
# 5 "rb_tree_2.c" 2


typedef struct {
 char data[20];
 int augmented;
 struct rb_node node;
} INFO;

typedef struct {
 char data[20];
 int augmented;
 int color;
} NODE_INFO;

int my_compute (INFO *i) {
 int sum = 0;
 int child_augmented;
 if(i->node.rb_left) {
  child_augmented = ({ const typeof( ((INFO *)0)->node ) *__mptr = (i->node.rb_left); (INFO *)( (char *)__mptr - ((size_t)&((INFO *)0)->node) );})->augmented;
  sum += child_augmented;
 }
 if(i->node.rb_right) {
  child_augmented = ({ const typeof( ((INFO *)0)->node ) *__mptr = (i->node.rb_right); (INFO *)( (char *)__mptr - ((size_t)&((INFO *)0)->node) );})->augmented;
  sum += child_augmented;
 }
 return sum+1;
}

static inline void my_augment_propagate(struct rb_node *rb, struct rb_node *stop) { while (rb != stop) { INFO *node = ({ const typeof( ((INFO *)0)->node ) *__mptr = (rb); (INFO *)( (char *)__mptr - ((size_t)&((INFO *)0)->node) );}); int augmented = my_compute(node); if (node->augmented == augmented) break; node->augmented = augmented; rb = ((struct rb_node *)((&node->node)->__rb_parent_color & ~3)); } } static inline void my_augment_copy(struct rb_node *rb_old, struct rb_node *rb_new) { INFO *old = ({ const typeof( ((INFO *)0)->node ) *__mptr = (rb_old); (INFO *)( (char *)__mptr - ((size_t)&((INFO *)0)->node) );}); INFO *new = ({ const typeof( ((INFO *)0)->node ) *__mptr = (rb_new); (INFO *)( (char *)__mptr - ((size_t)&((INFO *)0)->node) );}); new->augmented = old->augmented; } static void my_augment_rotate(struct rb_node *rb_old, struct rb_node *rb_new) { INFO *old = ({ const typeof( ((INFO *)0)->node ) *__mptr = (rb_old); (INFO *)( (char *)__mptr - ((size_t)&((INFO *)0)->node) );}); INFO *new = ({ const typeof( ((INFO *)0)->node ) *__mptr = (rb_new); (INFO *)( (char *)__mptr - ((size_t)&((INFO *)0)->node) );}); new->augmented = old->augmented; old->augmented = my_compute(old); } static const struct rb_augment_callbacks my_augment = { my_augment_propagate, my_augment_copy, my_augment_rotate };

int rb_insert(struct rb_root *root, INFO *info) {
 struct rb_node **p = &root->rb_node;
 struct rb_node *parent = 0;
 INFO *temp;
 while(*p) {

  parent = *p;
  temp = ({ const typeof( ((INFO *)0)->node ) *__mptr = (parent); (INFO *)( (char *)__mptr - ((size_t)&((INFO *)0)->node) );});

  if(strcmp(temp->data, info->data) > 0)
   p = &(*p)->rb_left;
  else if(strcmp(temp->data, info->data) < 0)
   p = &(*p)->rb_right;
  else
   return 0;
  temp->augmented++;
 }
 info->augmented = 1;

 rb_link_node(&info->node, parent, p);




 rb_insert_augmented(&info->node, root, &my_augment);

 return 1;
}

int __display(struct rb_node *temp, NODE_INFO (*array)[10], int *row, int *col) {
 INFO *info;
 if(temp == 0)
  return 0;

 ++*row;
 __display(temp->rb_left, array, row, col);
 info = ({ const typeof( ((INFO *)0)->node ) *__mptr = (temp); (INFO *)( (char *)__mptr - ((size_t)&((INFO *)0)->node) );});
 array[*row][(*col)].color = (((temp)->__rb_parent_color) & 1);
 array[*row][(*col)].augmented = info->augmented;
 strcpy(array[*row][(*col)++].data, info->data);
 __display(temp->rb_right, array, row, col);
 --*row;
}

void display(struct rb_root *root) {
 int row = -1;
 int col = 0;
 NODE_INFO a[10][10] = {0,};
 __display(root->rb_node, a, &row, &col);

 system("clear");
 for(int i=0; i<10; i++) {
  for(int j=0; j<10; j++) {
   if( strlen(a[i][j].data) > 0) {
    if(a[i][j].color == 0)
     printf("<%6s,%d>", a[i][j].data, a[i][j].augmented);
    else
     printf("[%6s,%d]", a[i][j].data, a[i][j].augmented);
   }
   else
    printf("%10c", ' ');
  }
  printf("\n");
 }
 getchar();
}


int main() {
 struct rb_root root = {0};
 int a[] = {1, 2, 3, 4, 5, 6, 7, 8};
 int i, index;
 INFO info[3] = {{"A",}, {"B",}, {"C",}};

 for(i=0; i<3; i++) {

  rb_insert(&root, info+i);
  display(&root);
 }
 return 0;
}
# 1 "rbtree.c"
# 1 "<built-in>"
# 1 "<command-line>"
# 31 "<command-line>"
# 1 "/usr/include/stdc-predef.h" 1 3 4
# 32 "<command-line>" 2
# 1 "rbtree.c"
# 24 "rbtree.c"
# 1 "rbtree_augmented.h" 1
# 27 "rbtree_augmented.h"
# 1 "rbtree.h" 1
# 32 "rbtree.h"
# 1 "/usr/include/stdio.h" 1 3 4
# 27 "/usr/include/stdio.h" 3 4
# 1 "/usr/include/x86_64-linux-gnu/bits/libc-header-start.h" 1 3 4
# 33 "/usr/include/x86_64-linux-gnu/bits/libc-header-start.h" 3 4
# 1 "/usr/include/features.h" 1 3 4
# 424 "/usr/include/features.h" 3 4
# 1 "/usr/include/x86_64-linux-gnu/sys/cdefs.h" 1 3 4
# 427 "/usr/include/x86_64-linux-gnu/sys/cdefs.h" 3 4
# 1 "/usr/include/x86_64-linux-gnu/bits/wordsize.h" 1 3 4
# 428 "/usr/include/x86_64-linux-gnu/sys/cdefs.h" 2 3 4
# 1 "/usr/include/x86_64-linux-gnu/bits/long-double.h" 1 3 4
# 429 "/usr/include/x86_64-linux-gnu/sys/cdefs.h" 2 3 4
# 425 "/usr/include/features.h" 2 3 4
# 448 "/usr/include/features.h" 3 4
# 1 "/usr/include/x86_64-linux-gnu/gnu/stubs.h" 1 3 4
# 10 "/usr/include/x86_64-linux-gnu/gnu/stubs.h" 3 4
# 1 "/usr/include/x86_64-linux-gnu/gnu/stubs-64.h" 1 3 4
# 11 "/usr/include/x86_64-linux-gnu/gnu/stubs.h" 2 3 4
# 449 "/usr/include/features.h" 2 3 4
# 34 "/usr/include/x86_64-linux-gnu/bits/libc-header-start.h" 2 3 4
# 28 "/usr/include/stdio.h" 2 3 4





# 1 "/usr/lib/gcc/x86_64-linux-gnu/7/include/stddef.h" 1 3 4
# 216 "/usr/lib/gcc/x86_64-linux-gnu/7/include/stddef.h" 3 4

# 216 "/usr/lib/gcc/x86_64-linux-gnu/7/include/stddef.h" 3 4
typedef long unsigned int size_t;
# 34 "/usr/include/stdio.h" 2 3 4

# 1 "/usr/include/x86_64-linux-gnu/bits/types.h" 1 3 4
# 27 "/usr/include/x86_64-linux-gnu/bits/types.h" 3 4
# 1 "/usr/include/x86_64-linux-gnu/bits/wordsize.h" 1 3 4
# 28 "/usr/include/x86_64-linux-gnu/bits/types.h" 2 3 4


typedef unsigned char __u_char;
typedef unsigned short int __u_short;
typedef unsigned int __u_int;
typedef unsigned long int __u_long;


typedef signed char __int8_t;
typedef unsigned char __uint8_t;
typedef signed short int __int16_t;
typedef unsigned short int __uint16_t;
typedef signed int __int32_t;
typedef unsigned int __uint32_t;

typedef signed long int __int64_t;
typedef unsigned long int __uint64_t;







typedef long int __quad_t;
typedef unsigned long int __u_quad_t;







typedef long int __intmax_t;
typedef unsigned long int __uintmax_t;
# 130 "/usr/include/x86_64-linux-gnu/bits/types.h" 3 4
# 1 "/usr/include/x86_64-linux-gnu/bits/typesizes.h" 1 3 4
# 131 "/usr/include/x86_64-linux-gnu/bits/types.h" 2 3 4


typedef unsigned long int __dev_t;
typedef unsigned int __uid_t;
typedef unsigned int __gid_t;
typedef unsigned long int __ino_t;
typedef unsigned long int __ino64_t;
typedef unsigned int __mode_t;
typedef unsigned long int __nlink_t;
typedef long int __off_t;
typedef long int __off64_t;
typedef int __pid_t;
typedef struct { int __val[2]; } __fsid_t;
typedef long int __clock_t;
typedef unsigned long int __rlim_t;
typedef unsigned long int __rlim64_t;
typedef unsigned int __id_t;
typedef long int __time_t;
typedef unsigned int __useconds_t;
typedef long int __suseconds_t;

typedef int __daddr_t;
typedef int __key_t;


typedef int __clockid_t;


typedef void * __timer_t;


typedef long int __blksize_t;




typedef long int __blkcnt_t;
typedef long int __blkcnt64_t;


typedef unsigned long int __fsblkcnt_t;
typedef unsigned long int __fsblkcnt64_t;


typedef unsigned long int __fsfilcnt_t;
typedef unsigned long int __fsfilcnt64_t;


typedef long int __fsword_t;

typedef long int __ssize_t;


typedef long int __syscall_slong_t;

typedef unsigned long int __syscall_ulong_t;



typedef __off64_t __loff_t;
typedef char *__caddr_t;


typedef long int __intptr_t;


typedef unsigned int __socklen_t;




typedef int __sig_atomic_t;
# 36 "/usr/include/stdio.h" 2 3 4
# 1 "/usr/include/x86_64-linux-gnu/bits/types/__FILE.h" 1 3 4



struct _IO_FILE;
typedef struct _IO_FILE __FILE;
# 37 "/usr/include/stdio.h" 2 3 4
# 1 "/usr/include/x86_64-linux-gnu/bits/types/FILE.h" 1 3 4



struct _IO_FILE;


typedef struct _IO_FILE FILE;
# 38 "/usr/include/stdio.h" 2 3 4



# 1 "/usr/include/x86_64-linux-gnu/bits/libio.h" 1 3 4
# 35 "/usr/include/x86_64-linux-gnu/bits/libio.h" 3 4
# 1 "/usr/include/x86_64-linux-gnu/bits/_G_config.h" 1 3 4
# 19 "/usr/include/x86_64-linux-gnu/bits/_G_config.h" 3 4
# 1 "/usr/lib/gcc/x86_64-linux-gnu/7/include/stddef.h" 1 3 4
# 20 "/usr/include/x86_64-linux-gnu/bits/_G_config.h" 2 3 4

# 1 "/usr/include/x86_64-linux-gnu/bits/types/__mbstate_t.h" 1 3 4
# 13 "/usr/include/x86_64-linux-gnu/bits/types/__mbstate_t.h" 3 4
typedef struct
{
  int __count;
  union
  {
    unsigned int __wch;
    char __wchb[4];
  } __value;
} __mbstate_t;
# 22 "/usr/include/x86_64-linux-gnu/bits/_G_config.h" 2 3 4




typedef struct
{
  __off_t __pos;
  __mbstate_t __state;
} _G_fpos_t;
typedef struct
{
  __off64_t __pos;
  __mbstate_t __state;
} _G_fpos64_t;
# 36 "/usr/include/x86_64-linux-gnu/bits/libio.h" 2 3 4
# 53 "/usr/include/x86_64-linux-gnu/bits/libio.h" 3 4
# 1 "/usr/lib/gcc/x86_64-linux-gnu/7/include/stdarg.h" 1 3 4
# 40 "/usr/lib/gcc/x86_64-linux-gnu/7/include/stdarg.h" 3 4
typedef __builtin_va_list __gnuc_va_list;
# 54 "/usr/include/x86_64-linux-gnu/bits/libio.h" 2 3 4
# 149 "/usr/include/x86_64-linux-gnu/bits/libio.h" 3 4
struct _IO_jump_t; struct _IO_FILE;




typedef void _IO_lock_t;





struct _IO_marker {
  struct _IO_marker *_next;
  struct _IO_FILE *_sbuf;



  int _pos;
# 177 "/usr/include/x86_64-linux-gnu/bits/libio.h" 3 4
};


enum __codecvt_result
{
  __codecvt_ok,
  __codecvt_partial,
  __codecvt_error,
  __codecvt_noconv
};
# 245 "/usr/include/x86_64-linux-gnu/bits/libio.h" 3 4
struct _IO_FILE {
  int _flags;




  char* _IO_read_ptr;
  char* _IO_read_end;
  char* _IO_read_base;
  char* _IO_write_base;
  char* _IO_write_ptr;
  char* _IO_write_end;
  char* _IO_buf_base;
  char* _IO_buf_end;

  char *_IO_save_base;
  char *_IO_backup_base;
  char *_IO_save_end;

  struct _IO_marker *_markers;

  struct _IO_FILE *_chain;

  int _fileno;



  int _flags2;

  __off_t _old_offset;



  unsigned short _cur_column;
  signed char _vtable_offset;
  char _shortbuf[1];



  _IO_lock_t *_lock;
# 293 "/usr/include/x86_64-linux-gnu/bits/libio.h" 3 4
  __off64_t _offset;







  void *__pad1;
  void *__pad2;
  void *__pad3;
  void *__pad4;

  size_t __pad5;
  int _mode;

  char _unused2[15 * sizeof (int) - 4 * sizeof (void *) - sizeof (size_t)];

};


typedef struct _IO_FILE _IO_FILE;


struct _IO_FILE_plus;

extern struct _IO_FILE_plus _IO_2_1_stdin_;
extern struct _IO_FILE_plus _IO_2_1_stdout_;
extern struct _IO_FILE_plus _IO_2_1_stderr_;
# 337 "/usr/include/x86_64-linux-gnu/bits/libio.h" 3 4
typedef __ssize_t __io_read_fn (void *__cookie, char *__buf, size_t __nbytes);







typedef __ssize_t __io_write_fn (void *__cookie, const char *__buf,
     size_t __n);







typedef int __io_seek_fn (void *__cookie, __off64_t *__pos, int __w);


typedef int __io_close_fn (void *__cookie);
# 389 "/usr/include/x86_64-linux-gnu/bits/libio.h" 3 4
extern int __underflow (_IO_FILE *);
extern int __uflow (_IO_FILE *);
extern int __overflow (_IO_FILE *, int);
# 433 "/usr/include/x86_64-linux-gnu/bits/libio.h" 3 4
extern int _IO_getc (_IO_FILE *__fp);
extern int _IO_putc (int __c, _IO_FILE *__fp);
extern int _IO_feof (_IO_FILE *__fp) __attribute__ ((__nothrow__ , __leaf__));
extern int _IO_ferror (_IO_FILE *__fp) __attribute__ ((__nothrow__ , __leaf__));

extern int _IO_peekc_locked (_IO_FILE *__fp);





extern void _IO_flockfile (_IO_FILE *) __attribute__ ((__nothrow__ , __leaf__));
extern void _IO_funlockfile (_IO_FILE *) __attribute__ ((__nothrow__ , __leaf__));
extern int _IO_ftrylockfile (_IO_FILE *) __attribute__ ((__nothrow__ , __leaf__));
# 462 "/usr/include/x86_64-linux-gnu/bits/libio.h" 3 4
extern int _IO_vfscanf (_IO_FILE * __restrict, const char * __restrict,
   __gnuc_va_list, int *__restrict);
extern int _IO_vfprintf (_IO_FILE *__restrict, const char *__restrict,
    __gnuc_va_list);
extern __ssize_t _IO_padn (_IO_FILE *, int, __ssize_t);
extern size_t _IO_sgetn (_IO_FILE *, void *, size_t);

extern __off64_t _IO_seekoff (_IO_FILE *, __off64_t, int, int);
extern __off64_t _IO_seekpos (_IO_FILE *, __off64_t, int);

extern void _IO_free_backup_area (_IO_FILE *) __attribute__ ((__nothrow__ , __leaf__));
# 42 "/usr/include/stdio.h" 2 3 4




typedef __gnuc_va_list va_list;
# 57 "/usr/include/stdio.h" 3 4
typedef __off_t off_t;
# 71 "/usr/include/stdio.h" 3 4
typedef __ssize_t ssize_t;






typedef _G_fpos_t fpos_t;
# 131 "/usr/include/stdio.h" 3 4
# 1 "/usr/include/x86_64-linux-gnu/bits/stdio_lim.h" 1 3 4
# 132 "/usr/include/stdio.h" 2 3 4



extern struct _IO_FILE *stdin;
extern struct _IO_FILE *stdout;
extern struct _IO_FILE *stderr;






extern int remove (const char *__filename) __attribute__ ((__nothrow__ , __leaf__));

extern int rename (const char *__old, const char *__new) __attribute__ ((__nothrow__ , __leaf__));



extern int renameat (int __oldfd, const char *__old, int __newfd,
       const char *__new) __attribute__ ((__nothrow__ , __leaf__));







extern FILE *tmpfile (void) ;
# 173 "/usr/include/stdio.h" 3 4
extern char *tmpnam (char *__s) __attribute__ ((__nothrow__ , __leaf__)) ;




extern char *tmpnam_r (char *__s) __attribute__ ((__nothrow__ , __leaf__)) ;
# 190 "/usr/include/stdio.h" 3 4
extern char *tempnam (const char *__dir, const char *__pfx)
     __attribute__ ((__nothrow__ , __leaf__)) __attribute__ ((__malloc__)) ;







extern int fclose (FILE *__stream);




extern int fflush (FILE *__stream);
# 213 "/usr/include/stdio.h" 3 4
extern int fflush_unlocked (FILE *__stream);
# 232 "/usr/include/stdio.h" 3 4
extern FILE *fopen (const char *__restrict __filename,
      const char *__restrict __modes) ;




extern FILE *freopen (const char *__restrict __filename,
        const char *__restrict __modes,
        FILE *__restrict __stream) ;
# 265 "/usr/include/stdio.h" 3 4
extern FILE *fdopen (int __fd, const char *__modes) __attribute__ ((__nothrow__ , __leaf__)) ;
# 278 "/usr/include/stdio.h" 3 4
extern FILE *fmemopen (void *__s, size_t __len, const char *__modes)
  __attribute__ ((__nothrow__ , __leaf__)) ;




extern FILE *open_memstream (char **__bufloc, size_t *__sizeloc) __attribute__ ((__nothrow__ , __leaf__)) ;





extern void setbuf (FILE *__restrict __stream, char *__restrict __buf) __attribute__ ((__nothrow__ , __leaf__));



extern int setvbuf (FILE *__restrict __stream, char *__restrict __buf,
      int __modes, size_t __n) __attribute__ ((__nothrow__ , __leaf__));




extern void setbuffer (FILE *__restrict __stream, char *__restrict __buf,
         size_t __size) __attribute__ ((__nothrow__ , __leaf__));


extern void setlinebuf (FILE *__stream) __attribute__ ((__nothrow__ , __leaf__));







extern int fprintf (FILE *__restrict __stream,
      const char *__restrict __format, ...);




extern int printf (const char *__restrict __format, ...);

extern int sprintf (char *__restrict __s,
      const char *__restrict __format, ...) __attribute__ ((__nothrow__));





extern int vfprintf (FILE *__restrict __s, const char *__restrict __format,
       __gnuc_va_list __arg);




extern int vprintf (const char *__restrict __format, __gnuc_va_list __arg);

extern int vsprintf (char *__restrict __s, const char *__restrict __format,
       __gnuc_va_list __arg) __attribute__ ((__nothrow__));



extern int snprintf (char *__restrict __s, size_t __maxlen,
       const char *__restrict __format, ...)
     __attribute__ ((__nothrow__)) __attribute__ ((__format__ (__printf__, 3, 4)));

extern int vsnprintf (char *__restrict __s, size_t __maxlen,
        const char *__restrict __format, __gnuc_va_list __arg)
     __attribute__ ((__nothrow__)) __attribute__ ((__format__ (__printf__, 3, 0)));
# 365 "/usr/include/stdio.h" 3 4
extern int vdprintf (int __fd, const char *__restrict __fmt,
       __gnuc_va_list __arg)
     __attribute__ ((__format__ (__printf__, 2, 0)));
extern int dprintf (int __fd, const char *__restrict __fmt, ...)
     __attribute__ ((__format__ (__printf__, 2, 3)));







extern int fscanf (FILE *__restrict __stream,
     const char *__restrict __format, ...) ;




extern int scanf (const char *__restrict __format, ...) ;

extern int sscanf (const char *__restrict __s,
     const char *__restrict __format, ...) __attribute__ ((__nothrow__ , __leaf__));
# 395 "/usr/include/stdio.h" 3 4
extern int fscanf (FILE *__restrict __stream, const char *__restrict __format, ...) __asm__ ("" "__isoc99_fscanf")

                               ;
extern int scanf (const char *__restrict __format, ...) __asm__ ("" "__isoc99_scanf")
                              ;
extern int sscanf (const char *__restrict __s, const char *__restrict __format, ...) __asm__ ("" "__isoc99_sscanf") __attribute__ ((__nothrow__ , __leaf__))

                      ;
# 420 "/usr/include/stdio.h" 3 4
extern int vfscanf (FILE *__restrict __s, const char *__restrict __format,
      __gnuc_va_list __arg)
     __attribute__ ((__format__ (__scanf__, 2, 0))) ;





extern int vscanf (const char *__restrict __format, __gnuc_va_list __arg)
     __attribute__ ((__format__ (__scanf__, 1, 0))) ;


extern int vsscanf (const char *__restrict __s,
      const char *__restrict __format, __gnuc_va_list __arg)
     __attribute__ ((__nothrow__ , __leaf__)) __attribute__ ((__format__ (__scanf__, 2, 0)));
# 443 "/usr/include/stdio.h" 3 4
extern int vfscanf (FILE *__restrict __s, const char *__restrict __format, __gnuc_va_list __arg) __asm__ ("" "__isoc99_vfscanf")



     __attribute__ ((__format__ (__scanf__, 2, 0))) ;
extern int vscanf (const char *__restrict __format, __gnuc_va_list __arg) __asm__ ("" "__isoc99_vscanf")

     __attribute__ ((__format__ (__scanf__, 1, 0))) ;
extern int vsscanf (const char *__restrict __s, const char *__restrict __format, __gnuc_va_list __arg) __asm__ ("" "__isoc99_vsscanf") __attribute__ ((__nothrow__ , __leaf__))



     __attribute__ ((__format__ (__scanf__, 2, 0)));
# 477 "/usr/include/stdio.h" 3 4
extern int fgetc (FILE *__stream);
extern int getc (FILE *__stream);





extern int getchar (void);
# 495 "/usr/include/stdio.h" 3 4
extern int getc_unlocked (FILE *__stream);
extern int getchar_unlocked (void);
# 506 "/usr/include/stdio.h" 3 4
extern int fgetc_unlocked (FILE *__stream);
# 517 "/usr/include/stdio.h" 3 4
extern int fputc (int __c, FILE *__stream);
extern int putc (int __c, FILE *__stream);





extern int putchar (int __c);
# 537 "/usr/include/stdio.h" 3 4
extern int fputc_unlocked (int __c, FILE *__stream);







extern int putc_unlocked (int __c, FILE *__stream);
extern int putchar_unlocked (int __c);






extern int getw (FILE *__stream);


extern int putw (int __w, FILE *__stream);







extern char *fgets (char *__restrict __s, int __n, FILE *__restrict __stream)
     ;
# 603 "/usr/include/stdio.h" 3 4
extern __ssize_t __getdelim (char **__restrict __lineptr,
          size_t *__restrict __n, int __delimiter,
          FILE *__restrict __stream) ;
extern __ssize_t getdelim (char **__restrict __lineptr,
        size_t *__restrict __n, int __delimiter,
        FILE *__restrict __stream) ;







extern __ssize_t getline (char **__restrict __lineptr,
       size_t *__restrict __n,
       FILE *__restrict __stream) ;







extern int fputs (const char *__restrict __s, FILE *__restrict __stream);





extern int puts (const char *__s);






extern int ungetc (int __c, FILE *__stream);






extern size_t fread (void *__restrict __ptr, size_t __size,
       size_t __n, FILE *__restrict __stream) ;




extern size_t fwrite (const void *__restrict __ptr, size_t __size,
        size_t __n, FILE *__restrict __s);
# 673 "/usr/include/stdio.h" 3 4
extern size_t fread_unlocked (void *__restrict __ptr, size_t __size,
         size_t __n, FILE *__restrict __stream) ;
extern size_t fwrite_unlocked (const void *__restrict __ptr, size_t __size,
          size_t __n, FILE *__restrict __stream);







extern int fseek (FILE *__stream, long int __off, int __whence);




extern long int ftell (FILE *__stream) ;




extern void rewind (FILE *__stream);
# 707 "/usr/include/stdio.h" 3 4
extern int fseeko (FILE *__stream, __off_t __off, int __whence);




extern __off_t ftello (FILE *__stream) ;
# 731 "/usr/include/stdio.h" 3 4
extern int fgetpos (FILE *__restrict __stream, fpos_t *__restrict __pos);




extern int fsetpos (FILE *__stream, const fpos_t *__pos);
# 757 "/usr/include/stdio.h" 3 4
extern void clearerr (FILE *__stream) __attribute__ ((__nothrow__ , __leaf__));

extern int feof (FILE *__stream) __attribute__ ((__nothrow__ , __leaf__)) ;

extern int ferror (FILE *__stream) __attribute__ ((__nothrow__ , __leaf__)) ;



extern void clearerr_unlocked (FILE *__stream) __attribute__ ((__nothrow__ , __leaf__));
extern int feof_unlocked (FILE *__stream) __attribute__ ((__nothrow__ , __leaf__)) ;
extern int ferror_unlocked (FILE *__stream) __attribute__ ((__nothrow__ , __leaf__)) ;







extern void perror (const char *__s);





# 1 "/usr/include/x86_64-linux-gnu/bits/sys_errlist.h" 1 3 4
# 26 "/usr/include/x86_64-linux-gnu/bits/sys_errlist.h" 3 4
extern int sys_nerr;
extern const char *const sys_errlist[];
# 782 "/usr/include/stdio.h" 2 3 4




extern int fileno (FILE *__stream) __attribute__ ((__nothrow__ , __leaf__)) ;




extern int fileno_unlocked (FILE *__stream) __attribute__ ((__nothrow__ , __leaf__)) ;
# 800 "/usr/include/stdio.h" 3 4
extern FILE *popen (const char *__command, const char *__modes) ;





extern int pclose (FILE *__stream);





extern char *ctermid (char *__s) __attribute__ ((__nothrow__ , __leaf__));
# 840 "/usr/include/stdio.h" 3 4
extern void flockfile (FILE *__stream) __attribute__ ((__nothrow__ , __leaf__));



extern int ftrylockfile (FILE *__stream) __attribute__ ((__nothrow__ , __leaf__)) ;


extern void funlockfile (FILE *__stream) __attribute__ ((__nothrow__ , __leaf__));
# 868 "/usr/include/stdio.h" 3 4

# 33 "rbtree.h" 2




# 36 "rbtree.h"
struct rb_node {
 unsigned long __rb_parent_color;
 struct rb_node *rb_right;
 struct rb_node *rb_left;
} __attribute__((aligned(sizeof(long))));


struct rb_root {
 struct rb_node *rb_node;
};
# 66 "rbtree.h"
extern void rb_insert_color(struct rb_node *, struct rb_root *);
extern void rb_erase(struct rb_node *, struct rb_root *);



extern struct rb_node *rb_next(const struct rb_node *);
extern struct rb_node *rb_prev(const struct rb_node *);
extern struct rb_node *rb_first(const struct rb_root *);
extern struct rb_node *rb_last(const struct rb_root *);


extern void rb_replace_node(struct rb_node *victim, struct rb_node *new,
       struct rb_root *root);

static inline void rb_link_node(struct rb_node * node, struct rb_node * parent,
    struct rb_node ** rb_link)
{
 node->__rb_parent_color = (unsigned long)parent;
 node->rb_left = node->rb_right = 
# 84 "rbtree.h" 3 4
                                 ((void *)0)
# 84 "rbtree.h"
                                     ;

 *rb_link = node;
}
# 28 "rbtree_augmented.h" 2
# 37 "rbtree_augmented.h"
struct rb_augment_callbacks {
 void (*propagate)(struct rb_node *node, struct rb_node *stop);
 void (*copy)(struct rb_node *old, struct rb_node *new);
 void (*rotate)(struct rb_node *old, struct rb_node *new);
};

extern void __rb_insert_augmented(struct rb_node *node, struct rb_root *root,
 void (*augment_rotate)(struct rb_node *old, struct rb_node *new));
static inline void
rb_insert_augmented(struct rb_node *node, struct rb_root *root,
      const struct rb_augment_callbacks *augment)
{
 __rb_insert_augmented(node, root, augment->rotate);
}
# 98 "rbtree_augmented.h"
static inline void rb_set_parent(struct rb_node *rb, struct rb_node *p)
{
 rb->__rb_parent_color = (((rb)->__rb_parent_color) & 1) | (unsigned long)p;
}

static inline void rb_set_parent_color(struct rb_node *rb,
           struct rb_node *p, int color)
{
 rb->__rb_parent_color = (unsigned long)p | color;
}

static inline void
__rb_change_child(struct rb_node *old, struct rb_node *new,
    struct rb_node *parent, struct rb_root *root)
{
 if (parent) {
  if (parent->rb_left == old)
   parent->rb_left = new;
  else
   parent->rb_right = new;
 } else
  root->rb_node = new;
}

extern void __rb_erase_color(struct rb_node *parent, struct rb_root *root,
 void (*augment_rotate)(struct rb_node *old, struct rb_node *new));

static struct rb_node *
__rb_erase_augmented(struct rb_node *node, struct rb_root *root,
       const struct rb_augment_callbacks *augment)
{
 struct rb_node *child = node->rb_right, *tmp = node->rb_left;
 struct rb_node *parent, *rebalance;
 unsigned long pc;

 if (!tmp) {







  pc = node->__rb_parent_color;
  parent = ((struct rb_node *)(pc & ~3));
  __rb_change_child(node, child, parent, root);
  if (child) {
   child->__rb_parent_color = pc;
   rebalance = 
# 146 "rbtree_augmented.h" 3 4
              ((void *)0)
# 146 "rbtree_augmented.h"
                  ;
  } else
   rebalance = ((pc) & 1) ? parent : 
# 148 "rbtree_augmented.h" 3 4
                                           ((void *)0)
# 148 "rbtree_augmented.h"
                                               ;
  tmp = parent;
 } else if (!child) {

  tmp->__rb_parent_color = pc = node->__rb_parent_color;
  parent = ((struct rb_node *)(pc & ~3));
  __rb_change_child(node, tmp, parent, root);
  rebalance = 
# 155 "rbtree_augmented.h" 3 4
             ((void *)0)
# 155 "rbtree_augmented.h"
                 ;
  tmp = parent;
 } else {
  struct rb_node *successor = child, *child2;
  tmp = child->rb_left;
  if (!tmp) {
# 170 "rbtree_augmented.h"
   parent = successor;
   child2 = successor->rb_right;
   augment->copy(node, successor);
  } else {
# 188 "rbtree_augmented.h"
   do {
    parent = successor;
    successor = tmp;
    tmp = tmp->rb_left;
   } while (tmp);
   parent->rb_left = child2 = successor->rb_right;
   successor->rb_right = child;
   rb_set_parent(child, successor);
   augment->copy(node, successor);
   augment->propagate(parent, successor);
  }

  successor->rb_left = tmp = node->rb_left;
  rb_set_parent(tmp, successor);

  pc = node->__rb_parent_color;
  tmp = ((struct rb_node *)(pc & ~3));
  __rb_change_child(node, successor, tmp, root);
  if (child2) {
   successor->__rb_parent_color = pc;
   rb_set_parent_color(child2, parent, 1);
   rebalance = 
# 209 "rbtree_augmented.h" 3 4
              ((void *)0)
# 209 "rbtree_augmented.h"
                  ;
  } else {
   unsigned long pc2 = successor->__rb_parent_color;
   successor->__rb_parent_color = pc;
   rebalance = ((pc2) & 1) ? parent : 
# 213 "rbtree_augmented.h" 3 4
                                            ((void *)0)
# 213 "rbtree_augmented.h"
                                                ;
  }
  tmp = successor;
 }

 augment->propagate(tmp, 
# 218 "rbtree_augmented.h" 3 4
                        ((void *)0)
# 218 "rbtree_augmented.h"
                            );
 return rebalance;
}

static void
rb_erase_augmented(struct rb_node *node, struct rb_root *root,
     const struct rb_augment_callbacks *augment)
{
 struct rb_node *rebalance = __rb_erase_augmented(node, root, augment);
 if (rebalance)
  __rb_erase_color(rebalance, root, augment->rotate);
}
# 25 "rbtree.c" 2
# 47 "rbtree.c"
static inline void rb_set_black(struct rb_node *rb)
{
 rb->__rb_parent_color |= 1;
}

static inline struct rb_node *rb_red_parent(struct rb_node *red)
{
 return (struct rb_node *)red->__rb_parent_color;
}






static inline void
__rb_rotate_set_parents(struct rb_node *old, struct rb_node *new,
   struct rb_root *root, int color)
{
 struct rb_node *parent = ((struct rb_node *)((old)->__rb_parent_color & ~3));
 new->__rb_parent_color = old->__rb_parent_color;
 rb_set_parent_color(old, new, color);
 __rb_change_child(old, new, parent, root);
}

static void
__rb_insert(struct rb_node *node, struct rb_root *root,
     void (*augment_rotate)(struct rb_node *old, struct rb_node *new))
{
 struct rb_node *parent = rb_red_parent(node), *gparent, *tmp;

 while (1) {







  if (!parent) {
   rb_set_parent_color(node, 
# 87 "rbtree.c" 3 4
                            ((void *)0)
# 87 "rbtree.c"
                                , 1);
   break;
  } else if ((((parent)->__rb_parent_color) & 1))
   break;

  gparent = rb_red_parent(parent);

  tmp = gparent->rb_right;
  if (parent != tmp) {
   if (tmp && (!(((tmp)->__rb_parent_color) & 1))) {
# 110 "rbtree.c"
    rb_set_parent_color(tmp, gparent, 1);
    rb_set_parent_color(parent, gparent, 1);
    node = gparent;
    parent = ((struct rb_node *)((node)->__rb_parent_color & ~3));
    rb_set_parent_color(node, parent, 0);
    continue;
   }

   tmp = parent->rb_right;
   if (node == tmp) {
# 132 "rbtree.c"
    parent->rb_right = tmp = node->rb_left;
    node->rb_left = parent;
    if (tmp)
     rb_set_parent_color(tmp, parent,
           1);
    rb_set_parent_color(parent, node, 0);
    augment_rotate(parent, node);
    parent = node;
    tmp = node->rb_right;
   }
# 152 "rbtree.c"
   gparent->rb_left = tmp;
   parent->rb_right = gparent;
   if (tmp)
    rb_set_parent_color(tmp, gparent, 1);
   __rb_rotate_set_parents(gparent, parent, root, 0);
   augment_rotate(gparent, parent);
   break;
  } else {
   tmp = gparent->rb_left;
   if (tmp && (!(((tmp)->__rb_parent_color) & 1))) {

    rb_set_parent_color(tmp, gparent, 1);
    rb_set_parent_color(parent, gparent, 1);
    node = gparent;
    parent = ((struct rb_node *)((node)->__rb_parent_color & ~3));
    rb_set_parent_color(node, parent, 0);
    continue;
   }

   tmp = parent->rb_left;
   if (node == tmp) {

    parent->rb_left = tmp = node->rb_right;
    node->rb_right = parent;
    if (tmp)
     rb_set_parent_color(tmp, parent,
           1);
    rb_set_parent_color(parent, node, 0);
    augment_rotate(parent, node);
    parent = node;
    tmp = node->rb_left;
   }


   gparent->rb_right = tmp;
   parent->rb_left = gparent;
   if (tmp)
    rb_set_parent_color(tmp, gparent, 1);
   __rb_rotate_set_parents(gparent, parent, root, 0);
   augment_rotate(gparent, parent);
   break;
  }
 }
}





static void
____rb_erase_color(struct rb_node *parent, struct rb_root *root,
 void (*augment_rotate)(struct rb_node *old, struct rb_node *new))
{
 struct rb_node *node = 
# 205 "rbtree.c" 3 4
                       ((void *)0)
# 205 "rbtree.c"
                           , *sibling, *tmp1, *tmp2;

 while (1) {







  sibling = parent->rb_right;
  if (node != sibling) {
   if ((!(((sibling)->__rb_parent_color) & 1))) {
# 227 "rbtree.c"
    parent->rb_right = tmp1 = sibling->rb_left;
    sibling->rb_left = parent;
    rb_set_parent_color(tmp1, parent, 1);
    __rb_rotate_set_parents(parent, sibling, root,
       0);
    augment_rotate(parent, sibling);
    sibling = tmp1;
   }
   tmp1 = sibling->rb_right;
   if (!tmp1 || (((tmp1)->__rb_parent_color) & 1)) {
    tmp2 = sibling->rb_left;
    if (!tmp2 || (((tmp2)->__rb_parent_color) & 1)) {
# 254 "rbtree.c"
     rb_set_parent_color(sibling, parent,
           0);
     if ((!(((parent)->__rb_parent_color) & 1)))
      rb_set_black(parent);
     else {
      node = parent;
      parent = ((struct rb_node *)((node)->__rb_parent_color & ~3));
      if (parent)
       continue;
     }
     break;
    }
# 278 "rbtree.c"
    sibling->rb_left = tmp1 = tmp2->rb_right;
    tmp2->rb_right = sibling;
    parent->rb_right = tmp2;
    if (tmp1)
     rb_set_parent_color(tmp1, sibling,
           1);
    augment_rotate(sibling, tmp2);
    tmp1 = sibling;
    sibling = tmp2;
   }
# 300 "rbtree.c"
   parent->rb_right = tmp2 = sibling->rb_left;
   sibling->rb_left = parent;
   rb_set_parent_color(tmp1, sibling, 1);
   if (tmp2)
    rb_set_parent(tmp2, parent);
   __rb_rotate_set_parents(parent, sibling, root,
      1);
   augment_rotate(parent, sibling);
   break;
  } else {
   sibling = parent->rb_left;
   if ((!(((sibling)->__rb_parent_color) & 1))) {

    parent->rb_left = tmp1 = sibling->rb_right;
    sibling->rb_right = parent;
    rb_set_parent_color(tmp1, parent, 1);
    __rb_rotate_set_parents(parent, sibling, root,
       0);
    augment_rotate(parent, sibling);
    sibling = tmp1;
   }
   tmp1 = sibling->rb_left;
   if (!tmp1 || (((tmp1)->__rb_parent_color) & 1)) {
    tmp2 = sibling->rb_right;
    if (!tmp2 || (((tmp2)->__rb_parent_color) & 1)) {

     rb_set_parent_color(sibling, parent,
           0);
     if ((!(((parent)->__rb_parent_color) & 1)))
      rb_set_black(parent);
     else {
      node = parent;
      parent = ((struct rb_node *)((node)->__rb_parent_color & ~3));
      if (parent)
       continue;
     }
     break;
    }

    sibling->rb_right = tmp1 = tmp2->rb_left;
    tmp2->rb_left = sibling;
    parent->rb_left = tmp2;
    if (tmp1)
     rb_set_parent_color(tmp1, sibling,
           1);
    augment_rotate(sibling, tmp2);
    tmp1 = sibling;
    sibling = tmp2;
   }

   parent->rb_left = tmp2 = sibling->rb_right;
   sibling->rb_right = parent;
   rb_set_parent_color(tmp1, sibling, 1);
   if (tmp2)
    rb_set_parent(tmp2, parent);
   __rb_rotate_set_parents(parent, sibling, root,
      1);
   augment_rotate(parent, sibling);
   break;
  }
 }
}


void __rb_erase_color(struct rb_node *parent, struct rb_root *root,
 void (*augment_rotate)(struct rb_node *old, struct rb_node *new))
{
 ____rb_erase_color(parent, root, augment_rotate);
}
;
# 378 "rbtree.c"
static inline void dummy_propagate(struct rb_node *node, struct rb_node *stop) {}
static inline void dummy_copy(struct rb_node *old, struct rb_node *new) {}
static inline void dummy_rotate(struct rb_node *old, struct rb_node *new) {}

static const struct rb_augment_callbacks dummy_callbacks = {
 dummy_propagate, dummy_copy, dummy_rotate
};

void rb_insert_color(struct rb_node *node, struct rb_root *root)
{
 __rb_insert(node, root, dummy_rotate);
}
;

void rb_erase(struct rb_node *node, struct rb_root *root)
{
 struct rb_node *rebalance;
 rebalance = __rb_erase_augmented(node, root, &dummy_callbacks);
 if (rebalance)
  ____rb_erase_color(rebalance, root, dummy_rotate);
}
;
# 408 "rbtree.c"
void __rb_insert_augmented(struct rb_node *node, struct rb_root *root,
 void (*augment_rotate)(struct rb_node *old, struct rb_node *new))
{
 __rb_insert(node, root, augment_rotate);
}
;




struct rb_node *rb_first(const struct rb_root *root)
{
 struct rb_node *n;

 n = root->rb_node;
 if (!n)
  return 
# 424 "rbtree.c" 3 4
        ((void *)0)
# 424 "rbtree.c"
            ;
 while (n->rb_left)
  n = n->rb_left;
 return n;
}
;

struct rb_node *rb_last(const struct rb_root *root)
{
 struct rb_node *n;

 n = root->rb_node;
 if (!n)
  return 
# 437 "rbtree.c" 3 4
        ((void *)0)
# 437 "rbtree.c"
            ;
 while (n->rb_right)
  n = n->rb_right;
 return n;
}
;

struct rb_node *rb_next(const struct rb_node *node)
{
 struct rb_node *parent;

 if (((node)->__rb_parent_color == (unsigned long)(node)))
  return 
# 449 "rbtree.c" 3 4
        ((void *)0)
# 449 "rbtree.c"
            ;





 if (node->rb_right) {
  node = node->rb_right;
  while (node->rb_left)
   node=node->rb_left;
  return (struct rb_node *)node;
 }
# 469 "rbtree.c"
 while ((parent = ((struct rb_node *)((node)->__rb_parent_color & ~3))) && node == parent->rb_right)
  node = parent;

 return parent;
}
;

struct rb_node *rb_prev(const struct rb_node *node)
{
 struct rb_node *parent;

 if (((node)->__rb_parent_color == (unsigned long)(node)))
  return 
# 481 "rbtree.c" 3 4
        ((void *)0)
# 481 "rbtree.c"
            ;





 if (node->rb_left) {
  node = node->rb_left;
  while (node->rb_right)
   node=node->rb_right;
  return (struct rb_node *)node;
 }





 while ((parent = ((struct rb_node *)((node)->__rb_parent_color & ~3))) && node == parent->rb_left)
  node = parent;

 return parent;
}
;

void rb_replace_node(struct rb_node *victim, struct rb_node *new,
       struct rb_root *root)
{
 struct rb_node *parent = ((struct rb_node *)((victim)->__rb_parent_color & ~3));


 __rb_change_child(victim, new, parent, root);
 if (victim->rb_left)
  rb_set_parent(victim->rb_left, new);
 if (victim->rb_right)
  rb_set_parent(victim->rb_right, new);


 *new = *victim;
}
;
